238
688
499
1023
1034
988
493
22
1152
1247
1263
1455
1708
1752
1558
1260
1844
1929
1917
1144
1971
2018
2010
1964
1934
1098
2150
2488
2460
2732
2773
2926
2756
3019
2972
3093
3145
3131
3169
3106
3036
2678
3394
3187
3711
4050
3873
3560
4513
4384
4343
3421
4963
5413
5322
5305
5003
4831
5787
6161
5957
6248
6639
6692
6515
5417
7080
7016
6772
7311
7191
6753
7814
7749
8247
8254
7938
8644
8630
8900
8916
8853
9116
9238
9398
9927
9820
9473
9129
8667
8574
10305
10088
10663
11160
10692
10460
11193
11294
11518
11448
12063
12109
12141
12139
12120
12239
12234
12183
12077
11727
11175
12415
12690
12568
12835
12889
12866
12819
12975
12963
13405
13556
13285
13873
13703
14111
13690
14528
14643
14529
14769
14778
14197
13657
12497
14861
14883
14921
14836
14979
10076
7522
15217
15339
15345
15979
15945
15909
16271
16285
16246
16077
15518
16539
16548
17267
17224
17018
16977
17407
17626
17670
17676
17633
17845
17878
17781
18012
17978
17691
18043
18140
18323
18280
18458
18448
18781
18789
18568
18325
17678
16459
19420
19260
19451
19152
19518
19479
19594
19588
19680
19792
19752
19880
20054
20023
20075
20359
20320
19965
19817
19644
20439
20935
21184
21590
21618
21520
22612
22022
21772
21747
21435
22744
23230
22820
23269
22743
23302
23363
23645
23568
23419
23283
21101
23860
23687
20917
24133
24119
24317
24312
24281
24075
19097
15003
24808
24735
24495
25030
24946
24879
25065
25069
25056
24464
25271
25367
25360
25303
25575
26037
25439
25258
26759
26549
25108
26828
27108
27207
27267
27333
27416
27289
28008
28217
27986
27839
27601
27485
28436
28318
28252
28632
29063
29220
29166
29018
29266
29393
29395
29253
29883
29879
29696
28977
28773
28619
26805
30138
30366
30208
30736
30508
30902
30759
30458
30960
30956
31198
31359
31509
31220
31855
31659
32088
31976
30990
32178
32490
32396
32386
32603
32279
32879
32837
33053
33067
33382
33393
33300
32823
32226
33587
33677
33879
33923
33850
33822
34412
34502
34334
33674
35041
35077
34845
35079
34520
35457
35586
35619
35525
35504
35160
33501
32184
32160
30116
36168
36306
36175
36173
36645
36675
36320
35803
37138
37108
37055
36798
35688
37340
37601
37596
37665
37748
37666
37658
37508
38024
38121
38149
38183
38566
38446
38665
38627
38382
38153
38869
38902
39042
38792
39070
39466
39593
39250
39597
39046
38125
39968
40021
39928
39632
37502
37179
24430
40761
40429
40901
40842
41000
41045
40940
41191
41307
41248
41062
41477
41432
41586
41061
41710
41753
41727
41759
42188
41883
42414
42624
42697
42596
43267
43187
43395
43498
43602
43547
43320
44142
44018
43935
44427
44599
44896
44958
44951
44863
44431
44377
43804
45038
45274
45487
45514
45052
45729
46026
45607
46120
46164
46367
46178
46102
46923
46849
47130
46993
46583
47665
47922
47967
48196
48217
48187
48390
48382
47825
48884
49115
49029
49009
48533
46402
49313
49402
49265
49503
49803
49888
49715
49914
50534
50520
51162
51137
51223
51191
50661
51403
51820
51553
51411
51863
51822
52311
52334
52591
52439
51876
52797
52953
52724
53003
52684
52593
50638
49690
53171
53324
53491
53385
53161
53648
53664
53697
53804
53695
53575
54082
53921
53050
54246
54290
54495
54539
54349
54322
54654
54633
54546
54797
54790
54287
55006
54845
55088
55157
55501
55190
55178
55749
55537
55023
56012
56096
56269
56323
56294
56496
56344
56630
56974
57107
57225
57214
56975
56578
56121
57429
57516
57440
57231
56109
55751
54109
49185
44975
42338
41593
40307
58015
57560
58069
58182
58066
58034
58647
58857
58703
58613
59026
59068
59420
59115
59426
59058
59591
59512
58955
59652
59735
59668
59752
59873
59953
59944
59917
59902
59757
60553
60664
60420
60212
60947
60996
60961
60674
61176
61281
61554
61286
61274
61876
62255
61791
61175
59996
59610
57542
62497
62486
62514
62821
62971
63092
63087
63254
63396
63482
63446
63525
63356
63572
63542
63889
64602
64503
64815
65344
65030
65697
64940
64925
66006
66001
64253
64034
63861
63225
66685
66660
66992
67057
66507
67187
67389
67752
67630
68055
68584
68456
67875
67328
68787
69163
68955
68874
69343
69432
69747
69555
69367
69349
69816
69267
69957
69913
69901
69208
70124
70236
70176
70020
69983
70462
70978
70425
70987
70366
71020
71006
67145
62687
71125
71298
71517
71409
71726
71645
71639
71138
71848
71935
72187
72466
72462
72818
72523
72515
72177
72934
72877
73034
73028
73596
73207
73197
74038
74061
74055
74015
74094
73996
73016
74413
74280
74207
72070
74519
74502
74821
74696
75169
75035
75213
74981
74568
74549
75361
75662
75680
75424
75817
76338
76052
76462
76443
76569
75988
75705
75415
76626
76633
76674
76652
76858
77116
77052
77501
77183
77015
76645
77526
76615
75349
77653
77859
77663
77650
78009
78055
78017
77896
77547
78143
78368
78252
78240
78809
79006
79240
79537
79421
79644
79060
78971
79777
80095
80072
79761
79752
80481
80592
80527
80392
80833
80857
81237
81215
81305
80936
80846
80315
78925
78812
78774
81837
81643
81933
81953
81895
82163
82165
82269
82241
82898
82640
82442
83050
82979
82026
81603
78081
74432
71028
62258
83280
83172
83498
83538
83514
83153
83588
83576
83570
83644
83888
83780
83756
83733
83609
84013
84223
84299
84287
84369
84355
84700
84668
84600
84432
84727
84341
84875
84928
84909
85325
85349
85862
85501
86174
85955
85410
85116
84903
86467
86420
86557
86624
86967
86834
87306
87376
87363
87576
87619
87586
87458
87795
87378
87258
87885
86554
86354
83907
83126
4548
88033
88434
88578
88138
88125
87999
88803
89169
88727
89533
89738
89666
89432
89903
90249
89943
89815
90406
90628
90634
90346
90706
91197
90719
90708
91214
91508
91560
91657
91620
91570
91553
91698
91802
91548
91316
92015
92350
92030
92005
92637
92543
91274
90686
92827
92791
92863
92788
89421
89235
93013
93114
93154
93429
93408
93406
93586
93962
93567
93553
93314
93157
94276
94431
94621
94527
94295
93997
92958
94674
94828
95143
95202
94778
95272
95365
95442
95506
95515
95693
95459
95287
96399
96330
96512
96682
96627
96944
97023
96490
95732
97068
95708
95208
97198
97130
97494
97470
97204
97081
97711
97739
97927
97857
97849
97649
97980
98088
98221
98714
98581
98236
97957
98833
99201
99057
99372
99053
99755
99753
99741
99717
99542
98927
99823
99824
99815
99904
99941
100115
100074
100140
100127
99862
100566
100154
100789
100677
100799
101983
101994
101774
101554
101281
102057
102205
102034
102226
101263
101141
102626
102680
102320
103109
102912
103211
103190
103476
103765
103613
103497
103142
102699
102241
104052
104249
104528
104534
104440
104241
104549
104566
104584
104553
103802
104673
104766
104716
104835
104604
105341
105430
105556
105403
105645
105640
104984
100147
98803
97600
94626
106046
105859
105790
106276
106269
106285
106437
106087
106064
106515
106578
106518
106668
106616
106706
106686
107042
106933
107215
107324
107722
107610
107597
107513
108059
108330
108544
108434
108136
108772
109116
109010
108857
108643
109132
107987
109253
109374
109315
109186
109589
109661
109687
109643
109565
109506
107147
109795
110439
110383
110509
110480
110810
110830
110660
109884
110895
110912
110910
111030
110968
110856
111367
111403
111181
111404
111685
112135
112088
112021
111806
111783
112376
112455
112201
112709
113079
112924
111561
111140
109776
106751
113637
113453
113884
114070
114012
114546
114122
114564
114557
114959
114707
114095
113918
113761
113649
115294
115189
115487
115460
115418
113205
115723
116134
116102
116221
116242
115828
116764
116846
116793
116728
117053
117120
117216
117105
116960
117359
117826
117727
117437
118056
117885
118852
118777
118941
118707
119320
119347
119021
118985
119791
119725
119852
120296
120556
121054
121034
121244
120650
121377
120554
119799
119605
121620
121658
121551
121712
121927
121820
121811
121514
121399
117373
122284
122313
122322
122266
122450
122868
122692
122394
123152
123410
123324
123322
123050
123629
123701
123613
123477
124062
123788
124164
124435
124170
124602
124142
123026
124931
124914
124740
125157
125118
124610
122888
122141
116252
125165
125215
125291
125399
125253
125406
125701
125833
125719
125668
125177
115616
126018
125862
126056
126254
126162
126729
126785
126770
127114
127427
126967
126747
127494
126705
126131
125848
105774
127682
127675
127926
127848
127992
128417
128666
128424
128419
128250
128153
127800
128737
129152
128942
128907
128778
128680
129397
129328
129405
130013
129840
130138
130189
130023
129555
129491
129473
130334
130467
130494
130521
130837
130589
130588
131208
131397
131272
131263
131628
131654
131854
131616
131516
131449
130942
132142
132482
132609
133082
133030
132755
133102
133408
133542
133644
133642
133909
133324
134363
134648
134587
134321
134311
133984
132293
134968
134865
135005
135175
135196
135023
135350
135320
135633
135772
135747
135427
135253
135938
136245
136188
135776
134742
132072
130497
130474
136601
136562
137339
137465
137591
137319
137735
137805
137726
137109
137997
138183
138114
138101
137924
136651
130207
129321
138306
138420
138321
138540
139073
139386
139255
139128
139761
139531
139420
138910
139974
140271
140487
140431
139791
140638
140752
140821
140985
141147
141374
141427
140797
141870
141965
142016
142490
142234
142566
142005
141563
140679
140613
138712
142987
143224
143051
142717
143342
143416
143261
142679
143647
143686
143779
143842
143922
144021
143919
144073
143813
143556
144246
138642
138198
144340
144298
144362
144555
144446
144406
144633
144736
144871
144726
144595
144590
144888
145189
145055
144912
145245
145280
145424
145452
145307
145250
145845
146032
146303
145904
145691
146415
146493
146397
146367
144885
146772
146825
147125
147268
147248
146858
147459
147443
147816
147678
147832
147848
147607
147546
148404
148310
148671
148833
149429
148679
149434
148548
149706
150198
150075
149854
149811
149537
150603
150604
150710
150361
150261
148268
148258
147990
146630
151032
151009
151510
151634
151338
152047
151892
151090
152113
152129
152092
150913
152246
152646
152418
152345
153003
152968
152661
152207
153146
153061
153013
153304
153277
153176
153402
153392
153627
154114
153981
154233
154463
154462
154546
153889
153678
154644
154904
154841
154827
155480
155383
155551
155490
155022
154782
155816
153482
155937
155833
152133
144263
127664
156010
156113
156513
156589
156241
156705
156805
156653
157085
157070
157027
157572
157551
157818
157834
158033
157902
158173
158347
158194
158172
158369
158547
158383
159104
159058
159123
159216
158629
159288
159579
159341
159270
158617
159863
159817
160094
159959
159906
159791
160290
160252
160571
160499
160396
160123
157763
161280
160915
161314
161365
161564
161556
161380
161657
161332
162210
161877
162456
162890
163061
163135
163350
163216
163353
163599
163532
163530
163642
163053
162305
161690
160831
156877
163855
163898
163866
164097
164324
164398
164085
164816
164764
164532
164891
165173
165300
165132
165474
165768
165838
165490
165018
166506
166586
166574
166468
166698
166822
166688
166310
166972
167161
167196
167047
167027
167242
167510
168111
167962
167726
168348
168302
168374
168191
167310
168437
168800
168871
168659
168541
169013
168983
169257
169313
169334
169442
169388
169329
169480
169445
169170
169727
169703
169948
170083
170040
169644
170603
170622
170473
170819
170375
169637
168901
170866
170942
171107
171182
171162
170838
168539
171447
171322
171464
171538
171608
171602
171494
172070
171916
172102
171908
172722
172910
173265
172966
172923
173394
173381
172390
173686
173876
173837
173928
173973
173597
174643
174352
174028
173412
174840
174942
174965
175005
174852
174737
171817
175239
175175
175271
175321
175147
175029
171306
168409
166949
176174
176362
176069
176575
176513
176491
176746
177004
177279
177177
176871
177398
177447
177573
177525
177690
177924
177789
177935
177643
177347
176718
178132
178273
178141
178372
178321
178103
176687
175676
178478
178487
178702
178789
178783
179317
178721
178466
179614
179576
179811
179919
180136
179520
180141
180485
180195
180580
180486
180137
180715
180758
180814
180785
180606
181119
181290
181305
181265
181911
181888
181999
181613
180977
182638
182639
182564
182232
182749
182887
182907
182900
182989
182917
182883
183278
183373
183523
183402
183533
183600
183302
184004
183866
183687
183213
184074
183138
184197
184547
184481
184263
184112
184822
184862
184968
185005
184912
184810
182757
185331
185063
182002
179445
185362
185655
185702
185613
185509
185887
186059
186124
186599
186522
186869
187116
186998
186205
187309
187369
187407
187436
187344
187156
187774
187852
187715
187915
187886
187879
187929
187668
188082
188399
188594
188847
188626
188496
188850
189026
188224
189190
189160
189075
187997
187601
189225
189252
189845
189943
189879
189535
190134
189957
190248
189412
190505
190507
190318
190525
190981
191025
191155
191147
191228
191655
191462
190850
191967
192154
192267
192111
192311
192299
192426
191662
190283
192473
192468
192463
189215
192656
192803
193064
192951
192857
193065
192777
192537
193618
193945
193896
193606
194091
194464
194599
194673
194667
194459
194713
194833
194772
194385
195070
195151
195111
194958
195364
195204
195909
195717
195574
195980
196529
196432
196059
195952
196789
196703
196913
196692
196658
194869
193993
192503
185998
185777
185352
163651
155999
197029
197158
197058
197031
197320
197284
196960
197340
197933
198029
197896
197347
198767
198358
198220
199140
198836
199220
198209
199328
199257
199245
199781
199679
199849
199883
199942
199875
199653
200077
199987
199569
200104
200187
200096
200385
200625
200638
200601
200788
201375
201245
201497
201379
201554
201620
201508
201017
200221
201732
201679
201955
202020
202501
202530
202451
202276
202627
202555
202720
202731
203341
203490
203559
203939
204128
204279
204569
204754
204650
204618
204121
203990
203677
202661
201964
201854
199508
205115
204914
205207
205306
205664
205457
205776
205682
205125
204835
206204
206290
206232
206383
206551
206687
206681
206307
206916
207112
207022
207200
207148
206798
207384
207263
207255
207532
207770
207968
207855
207501
208199
208484
208286
208540
208219
208197
208698
208877
208990
208959
208931
209061
209094
209340
209413
209470
209610
209805
209599
209402
209906
210142
209883
210491
210359
210570
210530
210505
210501
210270
209084
210730
210795
211129
211311
211578
211784
211414
211017
211821
212216
212205
212087
212445
212686
212632
212976
213031
213267
212820
212532
211848
213296
211795
210702
208668
206003
196914
213585
213762
213818
213962
213915
214346
214362
214357
214322
213776
214676
214705
214704
214621
215099
214965
214951
215426
215879
215872
215910
215157
214814
216099
216068
216418
216610
216751
216216
217177
217132
216007
217794
217955
218058
218047
218521
218524
218294
218698
218748
218883
218862
218598
217617
219065
218975
218922
219289
219281
218896
219416
219446
219342
219586
219798
219796
219725
219565
219452
217241
220143
220481
220444
220379
220155
220548
220677
220755
220558
220849
221108
220824
220498
219931
221351
221309
221301
221425
221820
221980
221948
222184
222329
222299
222217
222188
222403
221985
222573
222551
222479
222663
222748
222759
222719
223387
223411
222898
222671
223512
223453
223807
223860
224001
224248
224078
224324
224292
223957
224572
224481
223917
223741
224862
225047
225074
225277
225336
225230
225469
225461
225660
225499
225493
225877
225840
225926
226267
226194
225884
226721
226584
226757
226433
226363
226925
225830
227321
227431
227000
227551
227873
227841
227958
228174
228104
227787
228350
228395
229048
229628
229643
229203
228551
228341
227778
226972
225145
224619
223432
222429
229705
229723
229774
229793
230110
230215
230445
230685
230473
230385
230817
230761
229778
231017
231209
231229
230833
231910
231853
231985
232099
232222
232214
232108
231996
231796
232758
233371
233520
233411
233264
233069
232919
232691
231478
233765
233909
233931
234098
234099
234248
234240
234212
233910
234406
234616
235049
234741
234308
235468
235656
235614
235560
236120
235984
236225
236318
236367
236163
235292
233575
229649
236499
236457
236924
236829
236734
236640
237242
237430
237877
238047
237963
237413
238189
238136
238397
238061
237312
236957
238663
239407
239010
239532
238996
238690
239888
239706
239949
240054
240049
240122
240205
240272
240169
240294
240406
240279
240004
240462
238636
240720
240971
241045
241238
240768
241269
241383
241463
241380
241262
241735
241710
242025
242059
242319
242140
241750
242562
242516
242674
242730
242721
242870
243064
242906
242881
242655
243522
243412
243239
243657
243078
243775
243891
244132
243997
243863
243733
242340
241697
241602
244307
244297
244310
244339
244433
244998
244999
245016
244638
244406
245033
244400
244295
240520
236368
221285
213365
245179
245251
245407
245347
245811
245515
245918
245461
246488
246238
246498
245958
245435
246819
246784
247006
247154
247511
247546
247722
247605
247379
247156
246958
247910
248084
247736
248153
248662
248570
248521
249098
249127
249128
249100
249308
249687
248970
248394
246932
246893
249883
250399
250571
250676
251411
251546
250923
250642
250425
251673
251809
251961
251916
251818
252329
252499
252061
251800
253016
252939
253238
252817
253288
253400
253253
254182
254035
253959
253675
252739
252655
251685
250319
254201
254241
254315
254326
254325
254394
254403
254317
255011
255315
255710
255559
255754
255941
256219
256351
256403
256338
255984
256478
256634
256529
256469
255752
255350
254903
257025
257076
257205
257128
257089
257409
257673
257859
257567
257945
257565
258322
258274
258108
257455
258331
258637
258609
258510
258757
258860
258897
259227
258885
258760
259283
259316
259338
259267
259243
259542
258736
258686
258445
256956
259745
259757
259862
259735
259640
259864
260116
259936
259897
259551
260740
260962
260848
261003
260801
261161
260797
260704
260221
254784
261453
261343
261620
261572
261871
261837
261799
261643
261635
261320
262012
262310
262019
261988
262317
262680
262609
262715
262487
262759
262778
262892
263165
263020
262750
262367
261935
261286
263342
263483
263986
264853
264804
264458
264997
265324
265400
265481
265458
265652
265581
265711
265547
265209
263801
266020
266102
266110
266053
266039
266248
266150
266456
267067
267427
267460
267112
266995
267725
267709
267674
267874
267818
267655
268043
268235
268016
268258
267983
268622
269000
268668
268302
266936
266293
265873
263443
263317
261218
269453
269304
269123
269625
270312
270092
270053
269702
270707
270656
270535
270353
269512
271078
271353
271229
271055
269101
254230
254197
271903
272234
272186
272599
273102
272984
272513
272471
273271
273456
273342
273143
273698
274064
274348
274212
274569
274671
274590
274862
274810
274772
275577
275737
275228
275182
274422
275828
275903
275825
276577
276731
276774
276323
276786
276886
277203
277092
277706
277535
277042
276880
277979
277916
278120
278113
278162
277754
276212
273838
273504
278501
278471
278526
278915
279078
279393
279406
279353
279330
279033
278207
273107
272430
271391
279702
279807
279923
280004
279910
279846
279793
280141
280236
280340
280275
280628
280643
280522
280417
280859
280805
280267
280131
281202
281203
281534
281594
281653
281976
281940
281185
282080
282288
282296
282145
282021
281993
281027
282493
282904
283092
282927
283255
283236
283711
283400
283320
283837
284181
283730
284495
284490
284249
284633
284988
284782
284676
285057
285115
284992
284665
284573
283310
285121
285573
285684
285554
285531
285119
282817
282305
286307
286346
286097
286351
286496
286565
286811
286824
287170
286952
286950
286774
286552
285843
287334
287702
287593
287470
288194
288185
288480
288333
288244
288091
288700
288562
288497
287220
279589
249805
288820
288859
289384
288895
289625
289745
289818
289844
289837
289736
290224
290298
290425
290295
289954
290781
290914
290810
290682
289859
289576
290932
291013
290960
291127
291155
291048
291286
291241
291194
290916
289542
291755
291606
291581
292278
292468
292749
292833
292812
292482
292370
292984
292849
292098
293175
293425
293721
293489
293408
293003
294052
294012
294529
294510
294317
294099
293989
293728
291560
295262
294810
295595
295652
295802
295943
296146
296047
296264
296239
295643
296437
296339
296464
294798
296600
296496
296720
296814
297008
297046
297077
296833
296731
297712
297586
297394
296707
297841
298401
298572
298463
298364
298841
298703
298313
298947
298849
297781
294561
299147
299267
299371
299499
299638
299609
299829
299844
299940
299958
300373
300367
300239
300211
299864
299740
299417
300669
300778
300891
300865
300852
300756
300469
299232
301060
301147
301316
301258
300945
301423
301485
302169
301797
302277
302648
302739
302738
303128
303029
303433
303238
302335
301657
303500
303519
303654
304026
303851
304300
304223
304441
304362
303742
303580
305183
304919
304604
305393
305416
305197
304456
305693
305783
305723
305636
305944
306162
306187
305960
306762
306565
306500
307266
306944
305866
307504
307390
307694
307316
307295
307717
307800
307709
307272
303460
301356
300908
299034
307938
307976
308146
308151
308462
308040
308550
308655
308975
308794
308684
308673
308463
309072
309109
309549
309387
309270
309654
309596
309123
309099
307879
307819
309930
310030
310194
310284
310532
310412
310146
310803
310665
310952
311128
311041
310609
311328
311652
311651
311305
311928
312165
311962
312247
312495
312364
312558
312255
312816
311948
311924
311893
313428
313557
313535
313522
313461
313057
313042
309871
313643
313653
313668
313651
313756
314122
313904
314127
314382
314201
314595
314590
314781
314774
314935
314973
314740
315212
315203
315268
315631
315718
315592
315950
315968
316112
315942
316431
316424
316373
316553
316527
316997
317133
316880
317373
317350
316270
315585
315093
317548
317478
317740
317890
318085
317930
317896
317722
317385
318236
318212
315021
318365
318545
318294
318739
319221
319273
319679
319684
319659
319260
319773
319732
318746
318668
318619
314456
319907
320005
320109
320738
320717
320962
320952
320151
321207
321415
321425
321605
321843
321738
322177
321698
321547
321227
321055
322363
322196
322538
322408
322931
323005
322617
323323
323427
323597
323297
323753
323914
324131
323956
324322
324286
324177
323675
322580
319833
313739
324494
324651
324640
324677
324501
324869
324940
324827
325165
324983
325247
325289
325416
325404
325727
325687
325600
325923
326038
326033
326145
326139
326008
325819
325306
325220
326494
326453
326502
326397
327304
326950
327514
326710
326188
327846
327692
327980
328045
327991
328466
328478
328132
328118
327877
324797
328561
328700
328595
328784
329027
329358
329596
329663
329679
329684
329636
329763
329693
330086
330223
330369
330536
330485
330968
331070
331244
331337
331066
330913
330237
329834
328703
328578
331597
331658
331689
331821
331834
331610
331943
332122
332080
332055
332249
332176
332442
332309
332136
331931
331453
328521
324337
332540
332665
332549
332547
333104
332818
333191
333216
333250
333131
332794
333294
332687
333333
333560
333735
333732
333714
333988
334059
334185
334037
333782
334261
334223
333483
334749
334846
334872
334824
335112
335202
335024
335264
335358
335310
335534
335510
335750
335791
335838
335736
335247
334585
334394
336094
336211
335973
336451
336503
336461
336320
335952
336505
336764
337014
337010
337228
337214
337044
336941
336526
335921
334270
337527
337328
337954
338125
338131
337966
337541
338616
338686
338669
338316
338310
338838
338895
338874
338978
338856
338987
338803
337241
339062
339323
339362
339208
339143
339417
339399
339423
339422
339655
339815
339756
339728
340288
340480
340437
340178
339604
340740
340840
340765
341141
341046
340660
339454
341218
341936
341884
341565
341552
342029
341968
342274
341348
341189
342304
342563
342647
342666
342615
343493
343662
343124
342841
342325
343717
344014
344046
344071
344369
344528
344827
344694
344576
344392
344322
344308
344053
343672
338998
344961
345105
345715
345727
345113
346035
346013
345973
346225
346149
346342
346364
346314
346136
347234
347153
347084
347002
347320
346989
347674
347655
348141
347715
347710
348194
347594
347547
348285
348339
348409
348401
348699
348543
348519
348432
349220
348854
348836
348792
348787
349249
349625
349365
349364
349242
349736
349226
348388
350058
350001
350289
350167
350560
350548
350493
350634
350582
350418
349767
350688
350697
350855
350872
350718
350668
350945
351501
351593
351590
351409
351769
351990
352147
351928
351767
351759
351374
352359
352538
352616
352901
352844
352766
352618
352320
352970
353107
353159
352955
350916
353189
353274
353166
348267
353659
353562
353458
353727
353680
353384
353957
353831
353379
346091
354394
354391
354360
354476
354493
354400
354733
354745
354547
354032
354926
355151
355285
355444
355308
355472
355654
355658
356110
356299
356116
355926
356636
356377
355551
355286
356695
356780
356837
356653
355235
356984
356970
357216
357187
357450
357420
356918
357784
358273
358661
358687
358580
358445
358331
358892
358874
359047
359173
358964
358104
359379
359410
359702
359908
359827
359936
359692
360101
360343
361237
361292
361109
359990
361364
361381
361368
361363
361518
361515
361415
359308
361703
361637
361812
361619
362291
362508
362428
362528
362515
362020
362013
361924
357484
362919
363015
363091
363046
363276
363296
363401
363313
363424
363173
363678
363620
363787
364062
363849
363467
363162
364563
364395
364590
364800
364683
364887
364943
364653
364652
365122
365004
365958
365867
365697
366264
366727
366691
366834
366895
366993
367097
367223
367198
367446
367392
367279
367554
367680
367704
367765
367865
367753
367866
367471
366900
366793
365604
368280
368627
368530
368826
368390
369068
369030
369227
369361
369262
369163
368367
369533
369587
369690
370075
370619
370252
370077
369923
369755
370641
370932
371168
371089
371385
371240
371232
371067
369678
369487
368057
364269
362801
354833
344953
371653
371751
371980
372744
372734
372955
372959
372958
372814
373069
373282
373286
373759
374006
374113
374010
373838
373799
373477
373252
374340
374678
374653
374585
374710
374975
375137
375102
374915
374840
375323
375473
375377
375689
376140
375928
375920
375786
376369
376288
375315
374304
371586
332506
376656
376878
377271
376993
376649
377279
377368
377475
377310
377484
377680
377970
377647
377644
378106
377584
378322
378366
378555
378457
378820
378672
378162
378127
379035
378951
378899
379293
379139
378895
377278
379488
379458
379657
379700
379686
379651
379966
380252
380269
380332
380255
380084
380636
380441
381037
381205
381262
380997
381412
381359
381667
381750
381771
381526
381320
379738
382114
382159
382222
382204
382120
382630
382623
382696
382639
382763
382359
383193
383566
383471
383637
383813
383809
384257
384382
384117
384509
383795
382979
382885
384700
384562
381923
385045
385349
385533
385327
385663
385584
385946
385879
386077
385673
384728
379601
379572
379449
376573
313581
291544
288797
245101
386191
386456
386520
386563
386354
386665
386706
386645
386938
386806
387328
387485
387455
387568
387511
387594
388086
388217
387757
388341
388443
388310
388290
387204
386735
388539
388853
388719
388668
388902
388628
389415
389331
389637
389767
389710
389989
389471
388962
390239
390251
390574
390395
390912
391146
391305
391176
391148
390881
390204
392071
391894
391852
392724
392717
392682
392912
392944
393216
393197
393103
393419
393405
392866
393663
393783
393830
394114
394032
393848
394275
394251
393570
392592
394353
394492
394561
394824
394533
394281
394919
394862
394968
395052
395208
394977
394855
395291
395332
395411
395398
395535
395629
395454
395988
396048
396610
396473
395717
395244
391358
388444
386139
87993
397049
397062
397438
397203
396675
398063
398034
397558
398456
398530
398192
398079
398629
398605
398601
398850
398877
398994
399347
398940
398705
398560
399393
399477
399697
399694
400094
400330
400178
400358
399955
400365
400682
400791
400940
400907
400414
400364
399388
401070
401288
401548
401627
401469
401414
401730
401907
401934
401777
402020
402081
402635
402341
403040
402796
402688
401688
401387
403563
403868
403855
403885
403570
403302
403177
404090
404184
404231
404270
404369
404520
404488
404305
404778
404774
405009
404973
405415
405305
405189
405692
406136
406245
406229
406430
405946
405499
406512
405438
404905
404744
406737
406869
407402
406991
406951
407443
407414
408029
408640
408582
407763
408813
408841
408724
407555
406778
408968
408903
406587
403945
401023
409184
409163
409253
409216
409760
409987
409404
410138
410251
410261
410235
410149
410820
410704
411556
411539
411461
411449
411157
411561
410395
410009
409372
411779
411930
411960
412096
412077
412252
412209
411912
411862
412385
412605
412586
412744
412749
412725
412859
413540
413546
413691
413754
413574
413034
413835
412856
413983
414182
414179
413968
414684
414997
415170
415065
414801
415233
415482
415347
415604
415626
415900
415513
416101
416075
414533
416277
414260
416481
416483
416571
416640
416605
416553
416309
416766
416769
417082
416888
417315
417177
417823
417696
417574
417512
417900
418140
418754
419209
419045
418927
418141
419269
419263
419300
417946
417420
419480
419379
419489
419534
420070
420002
419964
419722
419483
420218
420310
420271
420245
420423
420362
420347
420114
419331
420826
420852
420702
420674
420916
420900
421353
421524
421292
421119
421063
421821
421871
422133
422106
421532
422651
422636
422466
422659
422301
422743
423001
422982
422846
423912
423737
423661
423133
424074
424413
424455
424117
424742
424636
424058
425230
425332
425255
424744
425490
426207
426085
426375
426658
426732
426563
426795
426212
427415
427692
427802
427539
427377
426900
428192
428223
428444
428518
428997
428461
428155
428040
429110
429328
429361
429419
429385
429475
430066
430304
430189
429896
429670
429662
430848
431130
431337
431727
431892
431747
431485
431335
431013
430564
429511
432072
432265
432564
432459
432648
432758
432883
432651
432633
432455
432953
433156
433237
433197
433306
433258
433130
433468
433498
433377
432943
432048
433872
433889
433769
429021
425720
425492
422780
420659
416682
412370
411696
409080
434157
434268
434662
434785
434658
434566
434828
434485
434375
435157
435006
435433
435472
435462
435782
435807
436062
435972
436219
436110
436302
436400
436409
436075
436562
436528
436487
436469
435565
434940
436859
436927
436884
437153
436950
436657
434134
437630
437505
437647
437204
437201
437659
437861
437781
437736
438006
438071
438104
438285
438342
438905
438749
438700
438646
437955
439337
439206
437730
439521
439757
439538
439927
439877
439439
440110
440120
440367
440198
440524
439958
440687
440627
440579
440793
440920
440838
441148
441227
441149
440992
440773
441281
441461
441440
441427
439424
441791
441709
441807
442232
441997
441527
442379
442276
443126
443005
443173
443167
443144
442475
442429
442269
443337
443885
443991
443892
443571
443419
444203
444306
444591
444289
444657
444215
444145
444864
445222
445234
445347
445430
445646
445631
445577
445696
445386
444866
444859
443308
446276
445970
446433
446770
446646
446777
447152
447075
446489
447471
447592
447762
448041
447964
447914
447366
448254
448116
445750
448552
448448
448565
448623
448731
448643
448770
448574
448945
448906
448409
449032
449100
449110
449456
449425
449868
449845
449922
450030
449944
449933
450032
450233
450129
449648
448948
437169
450492
450521
450703
450775
450739
450825
451089
451272
451372
451655
451815
451432
451352
451171
451149
451132
450785
451912
452237
452236
452068
452400
452374
452484
452580
452614
452508
452408
452852
452927
452876
452815
451869
450614
453506
453576
453461
454084
454103
454136
454154
454598
454843
454872
454765
455134
455112
454899
454626
454531
455142
453604
455639
455521
455747
455967
456021
455718
456293
456358
456219
456961
457239
457336
457226
457701
457718
457948
457991
457988
458146
458166
458175
458073
457759
457694
458523
458383
458314
458192
456026
458570
458545
458619
458736
458968
459091
458877
459161
458735
459208
458652
459252
458623
459316
459387
459373
459254
459468
459512
459584
459726
459643
459625
459602
459510
459906
460068
460069
460099
460323
460321
460120
459799
460627
460596
460434
461164
460923
461253
460739
460343
459443
458614
455208
453011
461308
461606
461670
461599
461595
461805
461770
461763
461832
462188
462240
462232
462649
462695
462466
462964
462295
463389
463416
463450
463270
463063
462248
462051
461702
461298
450279
463544
464109
463642
464261
464158
463543
464396
464458
464469
464696
464791
465009
464764
465092
465089
465122
465030
464503
464264
465946
465709
465402
465309
466098
466594
466589
466574
466187
466751
466711
466834
467128
467321
467380
467549
467379
467153
467131
467571
467786
467784
468119
468013
467596
467550
466848
466681
466066
465237
468252
468316
468380
468557
468607
468558
468645
468649
468939
468868
469005
469159
469089
469028
469380
469417
469458
469297
469609
469583
470313
470176
470600
470525
469963
469950
469842
470654
470723
470637
469238
468867
471115
470913
471247
470901
468323
468176
471382
471551
471526
471706
472122
471738
471420
472307
472241
473057
472894
472777
473218
473727
473547
473375
472601
472574
473977
473868
473815
473763
474004
474102
474226
474051
474455
474928
474846
474717
474993
475114
475195
475159
475239
475297
475049
474983
473982
475351
475315
475826
475657
475865
476203
476174
476099
476425
476565
476433
476613
476772
476404
475983
475480
476961
476949
476858
477272
477146
478059
477812
477407
477019
476835
476815
478268
478220
478395
478573
478612
478461
478718
478678
478455
478094
478883
478800
479022
478994
478943
479272
479467
480063
479609
480205
480124
480833
480700
479320
480929
481145
481142
481112
481085
481047
481254
481198
479235
481435
481348
481779
481820
481753
482188
481542
481471
481329
478735
482513
482597
482881
482954
482984
482926
483438
483938
484041
484552
484176
483514
483391
484726
485306
485252
485177
485826
485688
485465
485923
485843
485831
486012
484779
486060
486055
486180
486340
486332
486092
484554
486923
486911
486864
486476
483277
487073
487198
487130
487121
487271
487233
487335
486981
487636
487909
487564
488027
488468
488357
488652
488091
488719
489048
488799
489243
489497
489576
489331
489172
489619
489591
489635
489590
488705
488036
489724
490185
490301
490218
490042
490694
490448
490395
490360
490930
490900
490825
490310
491417
491566
491494
491596
491589
491638
491253
490990
489668
487913
486949
482256
491875
491921
491861
491971
492273
492722
492890
492518
492385
493102
493163
493004
493285
493175
493808
494327
494171
494365
493992
494396
493503
494644
494614
494930
494818
494962
495046
495322
495231
495188
494563
493306
495517
495332
495326
495931
496286
496294
496247
495787
492153
496562
496402
496813
497098
497197
496837
496829
497558
497895
497280
496566
496359
496307
498013
498005
498308
498306
498409
498245
498642
498714
498815
499045
499083
499223
499315
499321
499305
499358
499068
498982
499502
499656
499553
499369
498780
498473
500128
500175
500243
500004
500692
500471
500300
500759
501050
501348
501155
501364
501121
500800
501681
502177
501868
502425
502445
501849
501410
502608
502456
502704
502693
502947
503018
502981
502815
503301
503473
503522
503406
503564
503137
503730
503882
503836
503717
503996
504257
504038
503991
502643
500258
504278
504489
504308
504840
504549
504259
504926
505651
505581
505138
505034
505945
505951
506037
505988
505695
504916
506395
506685
506624
506853
506985
506980
507229
507220
506844
507557
507474
507569
508305
508637
508716
508845
508843
508894
508874
508505
508283
507811
509106
509341
510060
509741
510231
510170
509732
509553
509067
510827
510736
510662
510489
510853
510918
511084
511185
510955
511236
511293
511241
511189
510832
507353
506382
498163
511700
512383
512361
512352
512507
512459
512712
512747
512754
512778
512542
512854
513062
512839
512831
513207
513387
513421
513310
513551
513515
513910
513975
513717
513706
513560
514084
514130
514249
514140
513981
514356
514334
514389
514524
514769
515084
514857
515223
514844
514418
514316
513066
512327
515341
515258
515342
515243
515596
515564
515941
515932
515749
515495
515956
511400
497997
491800
472408
471369
516125
516316
516185
516171
516071
516395
516591
517220
516817
517629
517794
517863
517861
517620
516779
516583
518288
518444
518643
518475
518797
518955
518981
519380
519412
518718
519539
519591
519590
519739
519829
519888
519684
518704
520506
519923
520687
520758
520512
518366
518067
521051
521124
521288
521611
521064
521688
521640
520948
516317
522554
522495
522312
522080
522065
523094
523390
523318
522829
523978
523900
524042
523549
524047
524159
524359
524407
524289
524425
524534
524248
524050
525001
525365
525144
525095
525009
524587
525679
525691
525806
526101
526095
526028
526980
526591
526511
527071
526410
526311
526234
527513
527669
527622
528023
527728
528452
528798
528533
528170
528909
528137
527284
529143
529145
529252
529116
529553
529462
529886
529814
529795
530016
529958
530021
530020
530582
530543
530496
530420
530285
529270
530627
530699
531073
530849
530685
528926
527075
525536
531397
531538
531512
531976
532166
531946
531780
532369
532205
531582
532582
532711
532752
532666
533054
532900
533264
533480
533847
533685
533505
533170
534124
534010
533960
532416
534265
534421
534832
534773
534657
535058
534858
534623
535186
535261
535411
535620
535911
535584
536028
535533
536251
536441
536128
535397
535063
534326
536677
536741
536907
536955
536833
536693
537058
537161
537337
537278
537349
537483
537583
537195
537157
537043
536977
536583
534218
531192
521882
516054
537692
537628
538489
538611
538607
538193
538191
538985
539010
539145
539567
539506
539335
539147
539054
539638
539046
539816
539861
539724
539941
540138
539928
540164
538935
538188
537850
540478
540569
540739
540720
540858
541205
540818
540798
540399
541360
541652
541783
541724
541805
541807
541654
542109
542530
542594
542690
542884
542756
542688
542487
542161
543234
543454
543670
544026
543893
544027
544158
543738
543457
543099
542014
541231
544380
544506
544751
544463
544250
537626
463495
544867
544929
544956
544922
545039
545060
545032
545310
545659
545622
545786
546046
545953
545739
546231
546936
546473
546420
546148
545737
545249
547249
547452
547370
547482
547554
547794
547860
547802
548055
548128
548197
548647
548585
548704
548510
547969
547762
547625
547526
548867
548868
548923
548940
549594
549506
549360
549183
548929
548919
550143
550526
550321
550274
550648
550069
549960
549865
549791
550737
550747
550903
550692
551020
551372
551804
551087
552058
551980
551895
552363
552269
552496
552364
552727
552718
552579
552241
553206
553182
553614
553059
552965
552738
552128
551831
551086
549705
554041
554062
553818
554331
554314
554398
554541
554431
554363
554229
554552
554684
554937
554544
554213
555206
555105
555661
555537
555353
555311
555012
554174
556082
556019
555936
556269
556277
556221
556383
555750
553667
556491
556763
556887
556658
556629
556436
548858
557734
557595
557860
557831
557178
557067
558054
558318
558342
558576
558608
558252
558771
558810
558891
559074
559247
559144
559072
559367
559311
559301
558732
559451
559504
560086
560277
560151
559622
559581
559388
560451
560372
560832
560803
560732
560693
560955
560648
560600
560504
561110
561121
561066
561019
560337
561427
562183
561478
561242
562281
562258
562322
562470
562511
562638
562746
562780
562765
562570
562832
562801
562460
562321
562880
563011
563056
562987
563195
562846
561168
557961
557044
548722
547137
563527
563620
563469
563661
564011
563965
564014
564195
564866
564685
564402
564321
565021
565024
564901
565080
565149
565076
565071
564870
564309
565542
565663
565580
565762
565731
565804
565964
566020
565863
566025
566148
566133
566694
566690
566782
566779
566265
566230
565823
565769
565701
567186
567103
567464
567484
567525
567501
567342
565336
564218
567835
567775
567937
567958
568231
568209
568070
567885
568279
568257
568743
568690
568635
568790
569148
569080
568458
567676
563322
569197
569331
569547
569433
569976
570203
570198
569646
570717
570601
570848
570744
571123
570996
571255
570915
571388
571706
571400
571709
571838
571760
571875
571306
571277
570393
569388
572079
572340
572263
572118
572358
571919
572403
572612
572436
571881
569203
572680
572750
572652
573184
572823
572780
572778
573305
573242
573636
573661
573714
573830
573824
573614
573199
572761
574342
574423
574649
574912
574860
574827
574453
575164
575122
575366
575069
574184
575891
575970
576094
576226
576113
575587
576509
576581
576580
576311
576601
575521
576724
577028
577267
577427
577305
577110
577438
577478
577462
576912
577646
577882
577676
578001
577930
578376
578384
578233
578207
578757
578938
578979
578784
579028
579465
579219
578994
578604
579732
579825
579555
577670
577628
576605
580378
580334
580789
580683
580811
580415
581122
581206
581199
581093
581074
580169
579899
581622
581283
581742
581818
581863
581792
582116
582228
582216
582331
582162
582019
582474
582820
582758
582727
582899
583019
583036
583094
582897
583273
583220
583322
583323
583978
583934
583488
584073
584037
584176
584171
583997
583139
584411
584410
584537
584292
584925
584669
584963
584941
584225
583117
582384
585133
585093
585280
585167
585631
585828
586038
585674
585463
585139
585077
581282
574078
586704
586884
586684
587409
587490
587230
588137
588045
587863
588242
588443
588413
588350
588551
588706
588686
588759
588805
588537
588837
587584
589348
589526
589491
589023
587559
586460
589661
589628
586174
589830
589882
590064
590255
590164
590063
590287
591061
590864
590440
591446
591317
591953
591724
592013
591512
590332
589667
592715
592742
592598
593450
593520
593783
594040
594068
594012
593150
594285
594656
594591
594925
595130
594852
594716
594241
595217
595416
595492
595421
595663
595696
595682
596253
596068
596352
596000
596702
596759
596596
595782
597075
597164
597087
597198
597335
597344
597411
597435
597347
597678
597589
597246
596819
595541
595137
592559
597769
598105
598767
598392
598264
597828
599123
599302
599413
599199
600319
600270
600006
599655
598844
597752
592173
600607
600527
600406
600721
600700
600965
601128
600939
600830
601396
601362
601697
601914
602103
602000
602728
602783
602600
603346
603282
603566
603532
603435
603979
603151
603124
603036
604032
604188
604065
604002
602595
604504
604707
604623
604523
604231
602340
601846
604852
605008
605000
605051
604879
604856
605234
605299
605217
605524
605559
605540
605506
605695
605666
605866
605743
605874
606388
606417
606378
605915
606488
606737
606516
606996
607029
606995
606879
606472
605724
607261
607224
607549
607641
607334
607670
607329
608309
608489
608641
608653
608544
609014
608822
608769
609204
609145
609509
609251
609142
609637
609820
609688
609908
610067
610062
610051
609991
609862
609615
610452
610640
610327
611085
611241
611024
611293
610232
611575
611695
611469
611966
612200
612257
612283
611993
611784
612303
612288
612532
612622
612543
612643
612724
612703
612781
612847
612779
612442
610219
613313
613686
613763
614130
614209
614030
613966
613479
613166
607773
605146
604708
614452
614407
614498
614693
614736
614503
615283
615208
615716
615839
615947
615403
615083
616151
616166
616226
616003
616487
616525
616569
616600
616639
616652
616368
615976
614333
617043
617098
617063
617125
616791
617843
618141
617961
618474
618481
618406
618574
618676
618614
618483
618380
619511
619839
619796
619793
619649
619562
619160
620081
619885
617782
620283
620339
620337
620557
620524
620605
620945
621299
621414
621387
621995
621864
622135
621832
621780
622550
622818
622806
623340
623273
623488
623657
623486
623015
622843
622832
621537
621061
620811
620255
623899
623836
623831
624044
624235
623664
624482
624446
624417
624358
625004
624847
624622
625519
625360
625866
625541
625058
626113
626135
626525
626631
626738
626832
626769
626643
626429
627336
627313
627414
627404
627368
627669
627663
627175
627976
627738
628244
628269
628114
628081
627726
626127
624290
614252
600342
628386
628401
628650
629260
628986
629660
629868
629683
629937
630632
629376
630710
630698
630901
631291
630918
630887
629302
628948
631309
631411
631305
628583
631803
631872
632014
632151
632030
631990
632249
632251
632328
632303
631813
632706
632477
632791
632786
633158
633090
633563
633512
634020
634054
634249
633791
634402
635085
635037
634477
633715
635340
635359
635344
635296
635527
633597
633392
635712
635799
635782
635724
635821
636147
636134
635835
636395
636504
636562
636590
636523
636679
636643
636751
636749
636975
636934
636592
636230
637011
637114
637484
637475
637081
637486
637039
637877
638005
638192
637621
635680
633223
632475
631700
638455
638608
638675
638427
638784
639062
638901
639419
639533
639792
639641
639906
639907
639891
640330
640202
640128
640454
640583
640591
640544
640393
641186
641076
640758
638679
638384
641767
641899
641838
642436
642567
642476
642695
642773
642954
643389
643361
642948
642869
643492
643698
643967
644024
643993
644211
644271
644026
643707
642579
644420
644581
644513
644449
644393
644662
644615
644854
644753
644274
645077
645565
645356
645816
645704
645925
645817
645205
645963
645958
646344
646252
646200
646848
646743
646659
645943
645009
642414
641806
641727
628343
569165
544799
647687
647894
647806
647766
648019
647685
648438
648358
648023
647493
648494
648490
648640
648592
648671
649169
649335
649459
649500
649284
649772
649722
649539
649807
649981
650311
650246
650162
650745
650794
650987
650874
650492
651252
651175
651094
651639
651627
651379
650437
649963
652019
652176
652156
651986
652897
652709
652971
653082
653185
653057
652621
652284
653345
653366
653663
653812
653512
653902
653819
653976
653950
654178
653930
653373
653276
651779
654261
654493
654650
654706
654676
654601
654489
654249
655265
655325
655224
654996
654927
655634
655850
656301
656004
656418
655841
655370
656485
656867
656456
656426
655326
657014
657066
657243
657376
657458
657514
657173
657030
656966
657588
657567
657971
657869
657804
658090
658748
658240
658217
658118
657640
657539
658802
658984
658979
659051
659022
659096
658919
659126
659103
658776
654911
648878
659359
659496
659437
659738
659581
660010
659907
659860
659170
660062
660513
660466
660015
660870
660832
660871
660969
661070
661479
662205
661954
662281
661075
660921
662457
662634
662950
662955
663437
663280
662779
663710
663730
663727
664402
663829
663816
664443
663529
662376
664685
665041
664632
660534
659150
647288
665195
665186
665268
665174
665520
665398
665538
665725
665858
665654
666024
666103
666143
666684
666181
666148
666106
666027
665898
665613
666737
666839
667011
667197
667188
667397
667308
667213
667535
667690
667812
667945
667702
667485
667987
667166
666710
668399
668297
668439
668573
668630
668552
668420
668645
668847
668707
668848
668959
668867
669210
669162
669142
669385
669430
669357
669297
669102
668663
669812
670004
669946
669860
670522
670610
670485
670089
669469
670722
670957
670875
670730
670613
668417
671181
671483
671559
671820
671768
671687
671614
671543
671951
672613
672658
672642
672384
672894
672947
673033
672836
672151
673041
671430
673101
673878
673525
673092
671073
674027
673967
674383
674423
674435
674526
674823
674817
674772
674511
674179
675669
675570
675782
675826
675779
675540
676058
675905
676212
676302
676380
676706
676311
676114
676887
676998
677141
676850
676078
675196
677536
677623
677507
677705
677913
678029
678265
678370
678348
678692
678657
678867
678716
678495
678249
678000
678909
679103
677679
677314
679546
679395
679370
680105
679772
680300
680799
680556
680826
680851
680440
680966
680888
680232
679259
673954
681218
681479
681452
681569
681306
681738
681958
681861
681783
681641
682345
682361
682118
682654
682630
682587
682106
683231
682030
683351
683280
683601
683532
683863
683840
684300
683438
684631
684836
685085
684933
685210
684860
685246
685241
684683
685255
684604
683266
681190
685769
685839
685935
685866
686094
686011
685850
685796
685468
668223
665326
665061
434082
686379
686366
686274
686583
686615
686535
686648
687040
686981
687145
687170
687385
687700
687474
687801
686861
687862
687971
687919
688037
688209
688425
688229
687820
688696
688813
688817
688887
688782
689033
689428
689478
689498
689329
689037
689564
689893
689843
689638
690045
689961
689894
689602
690113
690334
690424
690128
690110
689557
688950
688652
688517
690629
690817
690900
690884
690848
690837
691080
691218
691379
691328
691591
691676
691583
691695
691177
692058
692342
692380
692399
692392
692434
692425
692405
693029
692859
692083
691836
690926
693123
693390
693469
693344
693485
693787
694140
693889
694256
694529
694733
694577
694176
693871
693586
695126
695641
695737
695689
695562
694737
696006
696143
695969
696403
697426
697306
697469
698090
698215
698160
698413
698272
698441
698433
697571
696670
696218
698518
698683
698701
698851
698938
698830
698790
699003
699012
699000
698496
695828
693072
690451
686417
699278
699272
699192
699281
699606
699637
699794
699853
699992
699779
699770
699521
699464
700399
700143
700053
700751
700873
700814
701193
701163
701000
701388
701612
701642
701815
701732
701296
701823
701829
701860
702036
701861
702084
701260
702450
703283
703125
702876
702585
704263
704301
704525
704523
704388
704589
704585
705039
705015
704929
705332
705293
705709
705677
705644
705135
704835
704794
704354
703809
702382
700911
705932
705897
705883
705981
705975
705793
706296
706057
705751
706851
706850
706631
706855
706894
707396
707550
706917
706898
706896
706557
705721
700542
707624
707863
707836
707722
707574
708121
708132
708078
708239
708377
708845
708752
708360
708856
708150
709231
709143
709267
709072
709304
708947
709306
709718
709705
710172
710166
709918
709398
708918
710269
710320
710300
710298
710216
707913
710614
710758
710819
710863
710799
711063
711014
710992
710651
711127
711199
711539
711441
711398
711179
711656
711073
711689
710326
712119
711917
712137
712358
712337
712421
712870
712778
712464
713014
713377
712998
712987
712899
712406
712212
713971
713936
713592
713509
714161
714379
714461
714391
714071
713410
711804
707866
714894
714684
714929
715094
715116
715457
715373
715330
715279
714998
715733
716268
716059
716860
717136
717233
717291
717025
717309
717350
717308
717762
718110
717770
717753
718168
717443
717010
716723
718463
718293
718966
718759
718265
719505
719785
719011
715937
720046
719905
720567
720323
720682
720659
720614
719810
720770
721266
721344
720923
721411
721394
720698
715720
721706
721624
721769
722127
722250
722112
722606
722835
722641
722299
723031
722897
722108
721988
721458
723303
723306
723457
723453
723421
723549
723806
723599
723559
724110
724160
724177
724711
724670
724623
724877
725147
725185
724997
724972
725466
725215
725196
725877
725940
725636
724852
724280
724194
723854
723336
726147
726442
726354
726575
726722
726659
727059
727127
727352
727422
727358
727268
727129
727446
727043
726523
726500
727470
726214
726022
723261
727538
727718
727551
727737
727725
727863
728054
728242
728299
728075
728002
727742
728632
728586
728915
728808
728924
728637
729112
729215
729094
728580
728493
727531
729364
729386
729454
729296
723142
714529
699166
729510
729521
729681
730344
729853
729669
730710
730430
730741
731159
731123
731048
730414
731640
732069
731898
732940
732937
732875
732307
731742
731486
731335
733691
733962
733694
734278
734514
734471
734141
734638
734944
734922
733471
733138
735670
735741
735756
735678
735997
736725
736362
736755
736121
735935
735452
735224
736852
736836
735119
737268
737672
737790
737792
737968
737937
737523
738082
737996
738205
738640
738805
738692
738566
738900
738367
739242
739543
739577
739737
739602
739794
739788
739452
740129
740107
740262
740224
740032
740572
740546
740589
740650
740662
740802
740832
740828
740624
740349
738962
737517
733110
740858
740951
740940
740979
740885
741320
741071
741439
741701
741381
741799
741826
742033
742387
742297
742087
742937
742734
743678
743582
743766
742587
742559
742504
742471
744279
744204
744800
744719
744704
745161
745303
745088
744039
741915
745531
745731
745587
745804
745857
745866
746083
746470
746224
745752
746844
747037
747163
747096
747575
747343
746908
746625
745408
745362
741718
740835
748046
748252
748274
748271
748242
748326
748216
748790
748753
748441
748985
748853
749130
749101
749166
749818
749922
749978
749470
750582
750856
750989
750922
751216
751051
751452
751467
751421
750366
751715
751595
750086
751906
751734
752096
752188
752494
752372
752606
752618
752505
752132
752769
753175
753094
753090
752094
753637
753799
753983
753840
754095
754308
754435
754476
754579
754483
754623
754604
754417
754309
754626
755219
755429
755680
756229
756129
756719
756971
756725
756429
757082
757006
756319
756252
754918
754858
754665
753989
753594
749028
757510
757474
757537
757716
757735
757850
757874
757818
757728
757933
758016
757942
758781
758920
758709
759126
759291
759386
760011
759585
759510
759410
759331
758987
758040
757525
760073
760150
760056
760445
760460
760855
760528
761018
760495
760468
760310
761156
761157
761143
760282
760045
761429
761298
761624
761502
761293
761835
761782
761761
762014
762182
762644
762661
762682
762751
762790
763023
763451
763469
763466
763327
762859
762691
762557
763930
763774
763957
764238
764351
764277
764457
764455
763979
763583
764597
764728
765115
764869
765631
765619
765464
765793
766018
766101
766647
766165
766851
766162
766143
765802
765672
765438
764464
762201
761922
767004
767073
767094
767173
767081
767304
767734
767693
767740
767497
767298
766910
761710
757426
768152
768114
768174
768296
768352
768462
768445
768546
768589
768362
768877
769180
769585
769251
770026
769969
770120
769212
769065
769023
770401
770342
770298
768859
770528
770466
770617
770578
770534
770836
770794
770717
770402
771727
771838
771836
771799
771716
771166
771867
771067
771952
771891
771873
772024
771056
772446
770950
772629
772831
772509
772883
773538
773729
773116
773925
773849
774053
774002
773752
774152
774340
774630
774683
774546
774342
774222
775350
775190
774752
774087
775624
775378
775985
776182
776210
776578
776487
776114
775868
772837
770869
767975
747989
776699
777098
776900
776851
777371
777279
777442
777884
778067
777770
778202
778329
778208
778127
777753
777678
778336
777120
778782
779036
779058
779225
778903
778827
779730
779696
779430
779922
780074
780017
780179
780451
780325
780151
779933
780492
780488
779857
778731
780960
780812
780809
780714
781200
781054
781506
781556
781787
781884
782003
782370
782595
782497
782438
782817
782702
782629
782271
783286
783099
783048
782870
783701
783577
783769
783733
784021
783942
783390
784614
784555
784195
783363
783308
784738
784688
784972
784878
784873
785038
784984
785092
785099
785538
785362
785660
785361
786090
786222
785859
786495
786512
786620
786530
786498
785338
784824
787034
786880
787057
786847
786698
782858
787160
787385
787548
787079
781481
780697
787734
787705
787676
788079
788118
787672
778361
788424
789435
789349
789228
789953
789550
788702
790246
790279
790350
790290
790142
788236
790543
790642
791069
790900
790645
791150
791561
791560
791417
791308
791635
791577
790640
791981
792485
793057
793488
793312
793015
792103
794004
794003
794115
794282
794793
794245
794032
793849
795475
795496
795408
795837
796102
796101
795537
794993
796193
794865
796577
796945
797056
797487
797421
797030
797532
797799
798176
798077
798504
798737
798192
798853
797933
799154
799198
799508
799321
798916
799951
800171
800037
800179
800175
799867
797771
800325
800421
800397
800768
800887
800519
801172
800943
800438
801323
802111
801567
802157
802642
802744
802350
802305
802779
802264
801556
802862
802853
803034
803037
802874
803240
803161
803400
803548
803622
803512
803711
803651
803388
803963
804249
803987
804457
804438
803973
803877
803116
801318
800332
804667
804679
804587
805000
804928
804837
804788
804553
805176
797524
796318
805258
805266
805330
805313
805656
805990
805973
805817
806111
806124
806364
806420
806118
806108
806565
806489
806762
806617
806892
807178
807114
806859
807332
807321
808040
808169
808176
808048
808044
808356
807834
808536
808453
808668
808993
808931
808892
808651
808618
809356
809242
809137
809807
809588
810154
809572
809482
810560
810456
810706
810983
810827
811540
811921
811759
811246
810677
812525
812645
812683
812567
812386
810206
808576
812727
812718
808420
807237
812753
805780
813002
813234
813167
813152
812937
813270
813284
813847
813918
813657
813588
814671
813469
813363
813251
814869
814813
815105
815229
815167
815373
815277
815268
815442
815485
815380
815260
815101
815752
815651
815980
815837
816612
816651
816632
816259
816234
815798
816702
816845
817061
817082
817242
817039
817453
817387
816673
814735
812935
817927
817875
818090
818078
818116
818419
818585
818216
819018
818986
818844
819643
819327
818705
818192
819757
819955
819802
819732
820060
819988
819728
818019
820575
820211
821107
821245
821175
821257
821409
821842
821251
821954
821932
821871
820677
820154
822155
822296
822281
822028
822738
822752
822962
823169
822972
823554
823631
823780
823684
823417
822895
822751
822621
824013
824054
823997
824303
824172
824432
824429
824402
824594
824561
824803
824904
824958
824854
824693
824542
823986
820095
825362
825548
825464
825818
825800
826829
826130
826107
825670
827216
827262
827480
827626
827530
827665
827658
827371
828042
828502
828086
827752
829061
828947
828759
829613
829666
829504
829108
830070
829939
827680
830558
830405
826970
830797
831059
831016
831399
831301
831500
830971
831653
831835
831771
831734
831550
830747
825193
832686
832541
832458
832854
832931
833068
833001
833358
833306
833274
833718
833697
833806
833582
833877
833967
833864
834132
834090
834287
834464
835046
835483
835619
835565
835635
835374
835352
835196
835182
835008
835863
835996
836053
836174
836077
836446
836390
836519
836472
836456
836278
836062
835921
835714
836772
836673
836642
834253
837072
836911
837441
837689
836778
832972
832789
832079
837745
837715
837864
837850
838000
838069
838096
838056
838029
838550
838795
838584
838823
839034
838811
838305
838108
839069
839184
839165
839160
839195
839421
839623
839236
839845
839716
840378
840032
839971
839970
839861
839643
839150
840816
840840
840766
840920
840852
840657
841116
841295
841348
841221
841512
841847
841956
841758
842740
842836
842736
842668
842592
841506
840966
843085
840603
839043
837712
843176
843473
843358
843230
843211
843547
844324
844067
843849
843757
843534
844573
844589
844656
844892
845548
845532
845510
845494
845739
845284
844946
846239
846510
846375
846153
844579
844360
843136
817534
846973
847076
847432
847445
847213
847486
847651
847601
847734
847860
847679
847467
847901
847037
847981
848086
848196
848525
848284
847956
848683
848605
848553
849118
849142
849082
849342
849215
849803
849839
849888
849885
850391
850141
849963
850612
850443
850832
850442
849512
851128
852076
851727
851106
850927
852332
852854
852845
852618
852098
853119
853005
853199
852880
853267
853308
853205
848702
853409
853730
854324
854158
854048
854023
854490
854764
854645
854635
854440
854347
853459
855172
855311
855418
855382
855746
855768
855858
855859
855764
855670
855608
855190
856096
856264
856547
856408
856583
856942
856834
856782
856559
855958
857381
857552
857405
857344
857306
857742
858111
858144
858115
858269
858329
858507
858605
858953
858702
858972
859146
859199
859593
859602
859717
859995
859738
859502
858969
860082
860039
860004
860174
860416
860437
860255
860186
860713
860833
860823
860676
861258
861353
861469
862056
861777
861545
861481
861309
861128
860485
860169
858574
862096
862079
858276
857725
854923
853357
846554
805227
793752
791765
788178
776682
862171
862324
862406
862416
862328
862262
862436
863038
863059
862470
863339
863354
863597
863424
863836
864071
864058
864117
863989
864469
864496
864272
863825
863104
864513
864836
865061
865043
865102
865142
865165
865212
865253
865220
865154
864858
864702
865403
865357
865458
865471
865434
865290
865824
865815
865579
866088
866096
866062
866431
866522
866455
866446
866624
866667
866407
867033
867401
867441
867373
866870
867558
867490
866109
867631
867717
867799
867844
867910
868584
868662
868752
869425
868937
868819
868590
868499
869471
868316
867886
867562
869523
865540
865278
870203
870392
870387
870265
870487
870412
870506
870755
870878
870891
870864
871133
871379
871297
871729
871513
871439
872180
872173
872213
871972
872597
872607
872329
871904
873124
873091
872895
873232
872872
871868
871838
871769
871080
870502
873660
873909
873761
873672
874363
874080
874414
874648
874757
874798
874530
874805
875144
875029
875397
875614
875977
875860
875530
874964
876203
876198
876305
876507
876453
876558
876682
876761
876827
876813
876992
877032
877195
877193
877071
877235
877252
877233
877858
877787
878380
877928
877716
876921
876797
876700
876433
878514
878762
878746
879021
878727
879203
879179
878654
878472
879449
879439
879615
879820
879814
879682
879568
880088
880262
880428
880474
880253
880541
879934
880860
881076
881085
880594
880575
881527
882078
881867
882234
882635
882423
882356
882127
881277
882690
882909
882665
883761
883759
884255
883963
883388
881201
884320
884568
885111
884750
884749
885204
885216
885353
884477
885359
885850
885952
886206
886488
886417
886489
886247
885969
886624
886643
886590
886981
886676
885562
885400
887581
887261
887825
887933
887849
887847
887781
887228
888079
888053
888049
888310
888262
888177
888631
888717
888751
888675
888498
889026
889293
889459
889248
888997
889593
889914
889876
889740
889473
887979
884391
890114
879905
879824
876173
873262
869705
890246
890340
890269
890908
890788
890641
891256
891348
891179
890456
891561
891610
891599
891698
891937
892018
892347
892327
892506
892574
892486
891952
892595
892740
893006
893090
893184
893577
894026
893719
893304
893116
894204
892694
892647
891666
891557
891366
890186
862137
729491
686265
397525
2359
894362
894601
894544
895008
894978
895211
895475
895763
895680
895573
896053
896263
896228
896197
896124
896394
896314
896299
895890
895392
895029
896438
896431
896569
896620
896543
896775
897181
896627
897248
897899
897508
897342
898051
898347
898182
898378
898861
898803
898759
898635
898940
898875
898590
899263
899329
899162
898426
898110
897973
897910
896527
899622
899512
899733
900015
899835
900142
900113
900035
900575
900720
900660
900655
900361
900353
901142
901076
901005
901527
901623
901241
900819
899365
894337
901837
902037
902484
902677
902656
902246
903018
903060
903296
903295
903460
903041
903591
903568
903732
903684
904045
904290
903510
903013
902103
904422
904456
904557
904626
904622
904755
904644
904610
904792
905126
904960
904789
905445
905480
905472
905255
905691
906020
905968
905894
906439
906427
906410
905733
905659
905483
906762
907168
907502
907442
907644
907630
907354
906542
904315
907741
907755
907728
907788
907918
907885
908021
908101
908156
908047
908182
907841
908565
908869
909188
908936
909326
908910
909557
909519
908737
908393
907680
907659
910055
909959
910272
910169
910529
910411
910667
910940
910722
910547
911149
911479
911410
911022
911732
911674
911621
911825
911541
910533
910311
909753
912142
912028
911872
912233
912523
912285
912907
912930
913193
913138
913074
913195
913444
913689
913718
913423
913422
914044
914236
914261
914019
913845
914329
912979
912876
912545
914493
914485
914710
914689
914760
914633
914513
914431
912158
914946
914887
915216
915380
915581
915825
915824
915262
916026
916102
916316
916377
916348
915916
916547
916651
916793
917121
917140
917035
917238
917423
917431
917562
917243
917618
917585
917646
917669
917642
917176
916887
916385
914865
918166
918531
918068
918589
918654
918549
919246
918833
919300
919365
919484
919545
919926
919917
919544
919542
919283
920344
920395
920111
920520
920747
920475
920812
920992
920930
921069
921273
921289
921203
921021
920397
921412
921420
921528
921505
921754
921704
921808
921776
921958
922444
922101
921939
921335
920046
918066
911862
923019
922983
923116
923447
923347
924136
923892
923486
924235
924181
923148
923044
924245
925131
924546
925265
925232
925451
925543
925967
925934
925976
926003
925790
926190
926229
926308
926293
926187
926551
926611
926738
926663
926894
927084
927072
926802
926358
925782
925277
924492
927111
927162
927255
927272
927483
927325
927108
927665
927699
927668
927895
928699
928827
928777
928954
929311
929358
929334
929651
929626
929733
929812
929972
929877
930102
929806
930371
930467
930385
930578
930625
930687
930649
930471
930276
930242
928952
928883
928457
927859
927519
931092
930877
931231
931354
931515
931435
931563
931901
931537
930847
932073
931991
932185
932294
932386
932345
932483
932420
932078
932544
932702
932657
932507
932810
933123
933138
933036
933391
933322
933243
933570
933553
933537
933582
933579
934269
934267
933859
933686
933175
932793
930824
934392
934905
934976
935310
935129
934965
934835
935809
936016
936036
935829
935775
935570
936101
934367
922624
901777
936371
936367
936583
936504
936611
936424
936944
936961
936957
936650
936641
937244
937284
937215
937355
937462
937909
937950
937511
937461
936403
936372
938082
938137
938208
938042
938642
938404
938352
938985
939037
939426
939084
939522
938845
939866
940000
939952
939876
939764
940117
940083
940291
940619
940490
940263
940650
940208
941352
941142
940825
941466
941440
942121
942017
942339
942451
942559
942503
942742
942661
942568
941627
940815
939726
938332
943078
942965
943445
943219
943652
944258
944156
943458
944387
944588
944559
944356
944287
943188
944685
945272
945200
945277
944871
945291
945463
945460
945388
945366
945278
945802
945528
945936
944589
946071
946406
946598
946651
946723
947082
946946
947187
947485
947590
947305
947859
947123
947915
946843
946662
946244
948080
948162
948142
948468
948722
948831
949000
949168
949189
949035
948950
948619
949308
949299
949387
949201
948422
947970
946062
949645
949651
949867
949936
949842
949584
949959
950114
949960
949460
950566
950655
950955
950813
950703
950973
951460
951276
951245
951191
951102
950972
950124
952343
952305
951933
952353
952391
952456
951506
949442
952584
952672
952822
952969
953107
953503
953486
952932
953538
953508
953699
953747
953556
953767
953791
953831
953973
953999
953809
954044
954248
954221
954309
954065
953762
954592
954803
954710
954811
954666
954328
955075
954940
954831
953550
953546
955154
955533
955269
955590
955920
956189
956322
956201
956089
955736
955584
955266
956552
956624
956572
956955
957356
957261
957172
957082
957006
956841
956423
955077
952568
942756
936105
957482
957462
957588
957579
958126
958352
958375
958620
958213
957779
958994
958938
959406
959442
959768
959635
959799
959334
958815
960153
959861
959847
960166
960387
960371
960311
960247
960650
960410
960197
959816
960927
960882
961324
961950
961956
961443
962300
962659
962404
962667
962739
962694
961996
961234
962973
963470
963341
963751
963701
963694
963477
962875
964080
963911
964193
964167
964107
964401
964362
964430
964783
964806
964813
964632
964616
964418
964280
964901
964932
965010
965069
965125
965214
965267
965229
965298
965634
965461
965763
965331
965219
965045
965903
966456
966133
966101
966834
966071
966038
965810
966898
964855
964206
967807
967563
968114
967477
967287
968373
968523
968419
968222
968742
968695
967040
968846
968979
968981
968860
969008
969081
968809
969182
966956
963887
969311
969495
969513
969421
970127
970210
969893
969765
970402
970870
970638
971155
971020
970921
970282
971355
971601
971436
971656
971419
971189
971761
971861
972086
971983
971892
971798
972424
972605
973524
973618
972981
972744
972368
971692
970214
969653
973777
974063
973685
974411
974080
974747
974830
974748
974533
974987
975543
975347
975715
975717
976053
976003
975957
975942
976375
976479
976500
976845
976804
976461
977013
977294
976952
976896
976331
976312
976142
977481
977487
977426
977620
977537
978061
978432
978318
977983
977848
977326
974939
973639
978865
978900
978896
979014
979502
979439
979816
979265
979858
980035
980207
980095
980074
979903
979880
980231
979835
978475
969593
969214
980522
980661
980625
980850
981031
980937
981065
980798
981128
980683
981258
981424
981425
981375
981187
981910
982047
981971
981859
981571
981472
982240
982124
982065
982535
982604
982679
982562
982935
982843
983231
983426
983214
983093
982992
982799
983553
983436
982683
982479
983828
984135
984189
984418
984692
984701
984230
983983
984740
983826
982444
984931
985760
985917
985809
985934
985995
985766
984863
982440
980459
960739
986445
986378
986365
986522
986683
986702
986631
986940
986835
986761
987060
987677
987534
987391
987998
987927
988038
987771
988154
987738
987729
986505
988294
988264
988296
988575
988895
988901
988601
989166
989633
989654
989436
988485
989891
990125
990396
990737
990334
990992
991027
990815
991215
991133
991132
991308
991070
990098
991374
989747
991455
991450
991485
991381
991761
991705
992132
991982
992379
992546
992482
992616
992910
992558
993084
992995
992965
993259
993430
993369
993493
993100
992456
992448
992183
993513
991510
993699
994064
994069
994178
994217
994187
993541
988156
994780
994846
995150
995124
995287
995348
995628
995333
995303
995720
995833
995722
995688
995847
995165
994787
996125
996109
996018
996184
996543
996521
996747
996913
996664
996376
996964
997329
997003
997415
997572
997522
996935
995880
997751
998100
997991
998182
998120
998199
998489
998966
998526
998995
999215
999011
998331
997723
999263
999711
999742
999642
999909
999872
999946
999780
999348
994640
986300
957427
894214
