0 2202 248

1677 1529 1239

0 383 573

1343 3692 1766

138 0 1266

1276 5746 1962

669 337 1723

0 69 1991

1602 546 2086

2938 2180 2417

71 2069 962

1491 656 569

2151 4185 1662

1197 0 1612

0 0 400

131 5811 2025

2404 3555 2469

0 602 1025

243 59 874

0 2585 4714

188 1691 301

3354 5610 2856

5754 44 515

1063 4214 1424

3831 756 823

759 6449 1636

801 359 355

3589 1817 5075

5367 0 1071

0 6977 2091

542 4769 1570

783 117 531

795 0 2166

2422 76 676

1203 0 466

1908 643 1035

2546 75 625

344 1190 841

687 399 755

0 89 76

0 688 346

0 0 1655

2749 5565 1935

0 5444 974

16 906 384

84 1 530

3229 5603 2717

0 0 39

1168 2704 2480

3 3939 988

4277 627 1561

1376 0 1760

1305 1793 1091

620 2659 958

1726 3116 1466

1087 6 365

0 410 188

5798 114 2487

0 5432 721

44 2059 1462

0 4042 3996

3189 3953 1777

3244 0 2096

2601 309 1062

0 233 498

332 121 642

1483 4149 3242

2802 0 1090

2898 524 1322

36 4258 742

0 265 1427

3834 0 1916

1924 1890 2031

3480 2708 2008

5414 2082 3283

2021 175 635

1560 2575 3399

6747 2022 2346

1776 2101 671

2856 928 4721

0 0 2342

1132 1209 2007

521 1839 1316

4795 520 1404

744 268 2436

0 1789 1991

993 0 1736

116 197 346

4240 0 2392

550 0 250

1267 859 986

540 1983 1260

322 353 506

781 1086 1379

429 198 2013

1786 959 911

2511 0 1156

0 0 1600

6531 1095 2558

1372 0 972
