UVA100. successfully created 
successfully moved 
UVA10015. successfully created 
successfully moved 
C:\Users\lpc05\Desktop\Programmer\C++\UVA\UVA10015\UVA10015.exe
successfully moved 
C:\Users\lpc05\Desktop\Programmer\C++\UVA\UVA10015\UVA10015.in
successfully moved 
C:\Users\lpc05\Desktop\Programmer\C++\UVA\UVA10015\UVA10015.out
successfully moved 
UVA10018. successfully created 
successfully moved 
C:\Users\lpc05\Desktop\Programmer\C++\UVA\UVA10018\UVA10018.exe
successfully moved 
UVA10035. successfully created 
successfully moved 
C:\Users\lpc05\Desktop\Programmer\C++\UVA\UVA10035\UVA10035.exe
successfully moved 
UVA10038. successfully created 
successfully moved 
UVA10055. successfully created 
successfully moved 
C:\Users\lpc05\Desktop\Programmer\C++\UVA\UVA10055\UVA10055.exe
successfully moved 
UVA10062. successfully created 
successfully moved 
C:\Users\lpc05\Desktop\Programmer\C++\UVA\UVA10062\UVA10062.exe
successfully moved 
UVA10071. successfully created 
successfully moved 
C:\Users\lpc05\Desktop\Programmer\C++\UVA\UVA10071\UVA10071.exe
successfully moved 
UVA10082. successfully created 
successfully moved 
C:\Users\lpc05\Desktop\Programmer\C++\UVA\UVA10082\UVA10082.exe
successfully moved 
UVA10106. successfully created 
successfully moved 
C:\Users\lpc05\Desktop\Programmer\C++\UVA\UVA10106\UVA10106.exe
successfully moved 
C:\Users\lpc05\Desktop\Programmer\C++\UVA\UVA10106\UVA10106.in
successfully moved 
C:\Users\lpc05\Desktop\Programmer\C++\UVA\UVA10106\UVA10106.out
successfully moved 
UVA10107. successfully created 
successfully moved 
C:\Users\lpc05\Desktop\Programmer\C++\UVA\UVA10107\UVA10107.exe
successfully moved 
UVA10130. successfully created 
successfully moved 
C:\Users\lpc05\Desktop\Programmer\C++\UVA\UVA10130\UVA10130.exe
successfully moved 
C:\Users\lpc05\Desktop\Programmer\C++\UVA\UVA10130\UVA10130.in
successfully moved 
C:\Users\lpc05\Desktop\Programmer\C++\UVA\UVA10130\UVA10130.out
successfully moved 
UVA10141. successfully created 
successfully moved 
C:\Users\lpc05\Desktop\Programmer\C++\UVA\UVA10141\UVA10141.exe
successfully moved 
UVA102. successfully created 
successfully moved 
C:\Users\lpc05\Desktop\Programmer\C++\UVA\UVA102\UVA102.exe
successfully moved 
C:\Users\lpc05\Desktop\Programmer\C++\UVA\UVA102\UVA102.in
successfully moved 
C:\Users\lpc05\Desktop\Programmer\C++\UVA\UVA102\UVA102.out
successfully moved 
UVA10209. successfully created 
successfully moved 
C:\Users\lpc05\Desktop\Programmer\C++\UVA\UVA10209\UVA10209.exe
successfully moved 
UVA10222. successfully created 
successfully moved 
C:\Users\lpc05\Desktop\Programmer\C++\UVA\UVA10222\UVA10222.exe
successfully moved 
UVA10300. successfully created 
successfully moved 
C:\Users\lpc05\Desktop\Programmer\C++\UVA\UVA10300\UVA10300.exe
successfully moved 
UVA10340. successfully created 
successfully moved 
C:\Users\lpc05\Desktop\Programmer\C++\UVA\UVA10340\UVA10340.exe
successfully moved 
UVA10370. successfully created 
successfully moved 
C:\Users\lpc05\Desktop\Programmer\C++\UVA\UVA10370\UVA10370.exe
successfully moved 
UVA10382. successfully created 
successfully moved 
C:\Users\lpc05\Desktop\Programmer\C++\UVA\UVA10382\UVA10382.exe
successfully moved 
C:\Users\lpc05\Desktop\Programmer\C++\UVA\UVA10382\UVA10382.in
successfully moved 
C:\Users\lpc05\Desktop\Programmer\C++\UVA\UVA10382\UVA10382.out
successfully moved 
UVA10391. successfully created 
successfully moved 
C:\Users\lpc05\Desktop\Programmer\C++\UVA\UVA10391\UVA10391.exe
successfully moved 
C:\Users\lpc05\Desktop\Programmer\C++\UVA\UVA10391\UVA10391.in
successfully moved 
C:\Users\lpc05\Desktop\Programmer\C++\UVA\UVA10391\UVA10391.out
successfully moved 
UVA10473. successfully created 
successfully moved 
C:\Users\lpc05\Desktop\Programmer\C++\UVA\UVA10473\UVA10473.exe
successfully moved 
UVA10499. successfully created 
successfully moved 
C:\Users\lpc05\Desktop\Programmer\C++\UVA\UVA10499\UVA10499.exe
successfully moved 
UVA10550. successfully created 
successfully moved 
C:\Users\lpc05\Desktop\Programmer\C++\UVA\UVA10550\UVA10550.exe
successfully moved 
UVA10570. successfully created 
successfully moved 
C:\Users\lpc05\Desktop\Programmer\C++\UVA\UVA10570\UVA10570.exe
successfully moved 
C:\Users\lpc05\Desktop\Programmer\C++\UVA\UVA10570\UVA10570.in
successfully moved 
C:\Users\lpc05\Desktop\Programmer\C++\UVA\UVA10570\UVA10570.out
successfully moved 
UVA10591. successfully created 
successfully moved 
C:\Users\lpc05\Desktop\Programmer\C++\UVA\UVA10591\UVA10591.exe
successfully moved 
UVA10673. successfully created 
successfully moved 
C:\Users\lpc05\Desktop\Programmer\C++\UVA\UVA10673\UVA10673.exe
successfully moved 
UVA10783. successfully created 
successfully moved 
C:\Users\lpc05\Desktop\Programmer\C++\UVA\UVA10783\UVA10783.exe
successfully moved 
C:\Users\lpc05\Desktop\Programmer\C++\UVA\UVA10783\UVA10783.in
successfully moved 
C:\Users\lpc05\Desktop\Programmer\C++\UVA\UVA10783\UVA10783.out
successfully moved 
UVA10922. successfully created 
successfully moved 
UVA10935. successfully created 
successfully moved 
C:\Users\lpc05\Desktop\Programmer\C++\UVA\UVA10935\UVA10935.exe
successfully moved 
C:\Users\lpc05\Desktop\Programmer\C++\UVA\UVA10935\UVA10935.in
successfully moved 
C:\Users\lpc05\Desktop\Programmer\C++\UVA\UVA10935\UVA10935.out
successfully moved 
UVA10976. successfully created 
successfully moved 
UVA11172. successfully created 
successfully moved 
C:\Users\lpc05\Desktop\Programmer\C++\UVA\UVA11172\UVA11172.exe
successfully moved 
C:\Users\lpc05\Desktop\Programmer\C++\UVA\UVA11172\UVA11172.in
successfully moved 
C:\Users\lpc05\Desktop\Programmer\C++\UVA\UVA11172\UVA11172.out
successfully moved 
UVA11235. successfully created 
successfully moved 
C:\Users\lpc05\Desktop\Programmer\C++\UVA\UVA11235\UVA11235.exe
successfully moved 
C:\Users\lpc05\Desktop\Programmer\C++\UVA\UVA11235\UVA11235.in
successfully moved 
C:\Users\lpc05\Desktop\Programmer\C++\UVA\UVA11235\UVA11235.out
successfully moved 
UVA11296. successfully created 
successfully moved 
C:\Users\lpc05\Desktop\Programmer\C++\UVA\UVA11296\UVA11296.exe
successfully moved 
C:\Users\lpc05\Desktop\Programmer\C++\UVA\UVA11296\UVA11296.in
successfully moved 
C:\Users\lpc05\Desktop\Programmer\C++\UVA\UVA11296\UVA11296.out
successfully moved 
UVA11369. successfully created 
successfully moved 
C:\Users\lpc05\Desktop\Programmer\C++\UVA\UVA11369\UVA11369.exe
successfully moved 
C:\Users\lpc05\Desktop\Programmer\C++\UVA\UVA11369\UVA11369.in
successfully moved 
C:\Users\lpc05\Desktop\Programmer\C++\UVA\UVA11369\UVA11369.out
successfully moved 
UVA11491. successfully created 
successfully moved 
C:\Users\lpc05\Desktop\Programmer\C++\UVA\UVA11491\UVA11491.exe
successfully moved 
C:\Users\lpc05\Desktop\Programmer\C++\UVA\UVA11491\UVA11491.in
successfully moved 
C:\Users\lpc05\Desktop\Programmer\C++\UVA\UVA11491\UVA11491.out
successfully moved 
UVA1152. successfully created 
successfully moved 
UVA11541. successfully created 
successfully moved 
C:\Users\lpc05\Desktop\Programmer\C++\UVA\UVA11541\UVA11541.exe
successfully moved 
UVA11582. successfully created 
successfully moved 
C:\Users\lpc05\Desktop\Programmer\C++\UVA\UVA11582\UVA11582.exe
successfully moved 
C:\Users\lpc05\Desktop\Programmer\C++\UVA\UVA11582\UVA11582.in
successfully moved 
C:\Users\lpc05\Desktop\Programmer\C++\UVA\UVA11582\UVA11582.out
successfully moved 
UVA11661. successfully created 
successfully moved 
C:\Users\lpc05\Desktop\Programmer\C++\UVA\UVA11661\UVA11661.exe
successfully moved 
C:\Users\lpc05\Desktop\Programmer\C++\UVA\UVA11661\UVA11661.in
successfully moved 
C:\Users\lpc05\Desktop\Programmer\C++\UVA\UVA11661\UVA11661.out
successfully moved 
UVA11689. successfully created 
successfully moved 
C:\Users\lpc05\Desktop\Programmer\C++\UVA\UVA11689\UVA11689.exe
successfully moved 
UVA11727. successfully created 
successfully moved 
C:\Users\lpc05\Desktop\Programmer\C++\UVA\UVA11727\UVA11727.exe
successfully moved 
C:\Users\lpc05\Desktop\Programmer\C++\UVA\UVA11727\UVA11727.in
successfully moved 
C:\Users\lpc05\Desktop\Programmer\C++\UVA\UVA11727\UVA11727.out
successfully moved 
UVA11991. successfully created 
successfully moved 
C:\Users\lpc05\Desktop\Programmer\C++\UVA\UVA11991\UVA11991.exe
successfully moved 
UVA11995. successfully created 
successfully moved 
C:\Users\lpc05\Desktop\Programmer\C++\UVA\UVA11995\UVA11995.exe
successfully moved 
C:\Users\lpc05\Desktop\Programmer\C++\UVA\UVA11995\UVA11995.in
successfully moved 
C:\Users\lpc05\Desktop\Programmer\C++\UVA\UVA11995\UVA11995.out
successfully moved 
UVA12100. successfully created 
successfully moved 
C:\Users\lpc05\Desktop\Programmer\C++\UVA\UVA12100\UVA12100.exe
successfully moved 
C:\Users\lpc05\Desktop\Programmer\C++\UVA\UVA12100\UVA12100.in
successfully moved 
C:\Users\lpc05\Desktop\Programmer\C++\UVA\UVA12100\UVA12100.out
successfully moved 
Uva122. successfully created 
successfully moved 
UVA12347. successfully created 
successfully moved 
C:\Users\lpc05\Desktop\Programmer\C++\UVA\UVA12347\UVA12347.exe
successfully moved 
C:\Users\lpc05\Desktop\Programmer\C++\UVA\UVA12347\UVA12347.in
successfully moved 
C:\Users\lpc05\Desktop\Programmer\C++\UVA\UVA12347\UVA12347.out
successfully moved 
UVA12405. successfully created 
successfully moved 
C:\Users\lpc05\Desktop\Programmer\C++\UVA\UVA12405\UVA12405.exe
successfully moved 
UVA12406. successfully created 
successfully moved 
C:\Users\lpc05\Desktop\Programmer\C++\UVA\UVA12406\UVA12406.exe
successfully moved 
C:\Users\lpc05\Desktop\Programmer\C++\UVA\UVA12406\UVA12406.in
successfully moved 
C:\Users\lpc05\Desktop\Programmer\C++\UVA\UVA12406\UVA12406.out
successfully moved 
UVA12414. successfully created 
successfully moved 
C:\Users\lpc05\Desktop\Programmer\C++\UVA\UVA12414\UVA12414.in
successfully moved 
C:\Users\lpc05\Desktop\Programmer\C++\UVA\UVA12414\UVA12414.out
successfully moved 
UVA12416. successfully created 
successfully moved 
UVA12455. successfully created 
successfully moved 
C:\Users\lpc05\Desktop\Programmer\C++\UVA\UVA12455\UVA12455.exe
successfully moved 
C:\Users\lpc05\Desktop\Programmer\C++\UVA\UVA12455\UVA12455.in
successfully moved 
C:\Users\lpc05\Desktop\Programmer\C++\UVA\UVA12455\UVA12455.out
successfully moved 
UVA12461. successfully created 
successfully moved 
C:\Users\lpc05\Desktop\Programmer\C++\UVA\UVA12461\UVA12461.exe
successfully moved 
C:\Users\lpc05\Desktop\Programmer\C++\UVA\UVA12461\UVA12461.in
successfully moved 
C:\Users\lpc05\Desktop\Programmer\C++\UVA\UVA12461\UVA12461.out
successfully moved 
UVA12694. successfully created 
successfully moved 
C:\Users\lpc05\Desktop\Programmer\C++\UVA\UVA12694\UVA12694.exe
successfully moved 
C:\Users\lpc05\Desktop\Programmer\C++\UVA\UVA12694\UVA12694.in
successfully moved 
C:\Users\lpc05\Desktop\Programmer\C++\UVA\UVA12694\UVA12694.out
successfully moved 
UVA12908. successfully created 
successfully moved 
C:\Users\lpc05\Desktop\Programmer\C++\UVA\UVA12908\UVA12908.exe
successfully moved 
C:\Users\lpc05\Desktop\Programmer\C++\UVA\UVA12908\UVA12908.in
successfully moved 
C:\Users\lpc05\Desktop\Programmer\C++\UVA\UVA12908\UVA12908.out
successfully moved 
UVA1312. successfully created 
successfully moved 
C:\Users\lpc05\Desktop\Programmer\C++\UVA\UVA1312\UVA1312.exe
successfully moved 
C:\Users\lpc05\Desktop\Programmer\C++\UVA\UVA1312\UVA1312.in
successfully moved 
C:\Users\lpc05\Desktop\Programmer\C++\UVA\UVA1312\UVA1312.out
successfully moved 
UVA13178. successfully created 
successfully moved 
UVA136. successfully created 
successfully moved 
C:\Users\lpc05\Desktop\Programmer\C++\UVA\UVA136\UVA136.exe
successfully moved 
C:\Users\lpc05\Desktop\Programmer\C++\UVA\UVA136\UVA136.in
successfully moved 
C:\Users\lpc05\Desktop\Programmer\C++\UVA\UVA136\UVA136.out
successfully moved 
UVA1610. successfully created 
successfully moved 
C:\Users\lpc05\Desktop\Programmer\C++\UVA\UVA1610\UVA1610.exe
successfully moved 
C:\Users\lpc05\Desktop\Programmer\C++\UVA\UVA1610\UVA1610.in
successfully moved 
C:\Users\lpc05\Desktop\Programmer\C++\UVA\UVA1610\UVA1610.out
successfully moved 
UVA1619. successfully created 
successfully moved 
UVA272. successfully created 
successfully moved 
UVA299. successfully created 
successfully moved 
C:\Users\lpc05\Desktop\Programmer\C++\UVA\UVA299\UVA299.exe
successfully moved 
C:\Users\lpc05\Desktop\Programmer\C++\UVA\UVA299\UVA299.in
successfully moved 
C:\Users\lpc05\Desktop\Programmer\C++\UVA\UVA299\UVA299.out
successfully moved 
UVA357. successfully created 
successfully moved 
UVA402. successfully created 
successfully moved 
C:\Users\lpc05\Desktop\Programmer\C++\UVA\UVA402\UVA402.exe
successfully moved 
C:\Users\lpc05\Desktop\Programmer\C++\UVA\UVA402\UVA402.in
successfully moved 
C:\Users\lpc05\Desktop\Programmer\C++\UVA\UVA402\UVA402.out
successfully moved 
UVA445. successfully created 
successfully moved 
C:\Users\lpc05\Desktop\Programmer\C++\UVA\UVA445\UVA445.exe
successfully moved 
C:\Users\lpc05\Desktop\Programmer\C++\UVA\UVA445\UVA445.in
successfully moved 
C:\Users\lpc05\Desktop\Programmer\C++\UVA\UVA445\UVA445.out
successfully moved 
UVA477. successfully created 
successfully moved 
C:\Users\lpc05\Desktop\Programmer\C++\UVA\UVA477\UVA477.exe
successfully moved 
UVA488. successfully created 
successfully moved 
C:\Users\lpc05\Desktop\Programmer\C++\UVA\UVA488\UVA488.exe
successfully moved 
UVA489. successfully created 
successfully moved 
C:\Users\lpc05\Desktop\Programmer\C++\UVA\UVA489\UVA489.exe
successfully moved 
C:\Users\lpc05\Desktop\Programmer\C++\UVA\UVA489\UVA489.in
successfully moved 
C:\Users\lpc05\Desktop\Programmer\C++\UVA\UVA489\UVA489.out
successfully moved 
UVA490. successfully created 
successfully moved 
C:\Users\lpc05\Desktop\Programmer\C++\UVA\UVA490\UVA490.exe
successfully moved 
C:\Users\lpc05\Desktop\Programmer\C++\UVA\UVA490\UVA490.in
successfully moved 
C:\Users\lpc05\Desktop\Programmer\C++\UVA\UVA490\UVA490.out
successfully moved 
UVA494. successfully created 
successfully moved 
C:\Users\lpc05\Desktop\Programmer\C++\UVA\UVA494\UVA494.exe
successfully moved 
UVA524. successfully created 
successfully moved 
UVA537. successfully created 
successfully moved 
C:\Users\lpc05\Desktop\Programmer\C++\UVA\UVA537\UVA537.exe
successfully moved 
C:\Users\lpc05\Desktop\Programmer\C++\UVA\UVA537\UVA537.in
successfully moved 
C:\Users\lpc05\Desktop\Programmer\C++\UVA\UVA537\UVA537.out
successfully moved 
UVA551. successfully created 
successfully moved 
C:\Users\lpc05\Desktop\Programmer\C++\UVA\UVA551\UVA551.exe
successfully moved 
C:\Users\lpc05\Desktop\Programmer\C++\UVA\UVA551\UVA551.in
successfully moved 
C:\Users\lpc05\Desktop\Programmer\C++\UVA\UVA551\UVA551.out
successfully moved 
UVA579. successfully created 
successfully moved 
C:\Users\lpc05\Desktop\Programmer\C++\UVA\UVA579\UVA579.exe
successfully moved 
UVA591. successfully created 
successfully moved 
C:\Users\lpc05\Desktop\Programmer\C++\UVA\UVA591\UVA591.exe
successfully moved 
UVA624. successfully created 
successfully moved 
C:\Users\lpc05\Desktop\Programmer\C++\UVA\UVA624\UVA624.exe
successfully moved 
C:\Users\lpc05\Desktop\Programmer\C++\UVA\UVA624\UVA624.in
successfully moved 
C:\Users\lpc05\Desktop\Programmer\C++\UVA\UVA624\UVA624.out
successfully moved 
UVA679. successfully created 
successfully moved 
C:\Users\lpc05\Desktop\Programmer\C++\UVA\UVA679\UVA679.exe
successfully moved 
UVA686. successfully created 
successfully moved 
UVA694. successfully created 
successfully moved 
C:\Users\lpc05\Desktop\Programmer\C++\UVA\UVA694\UVA694.exe
successfully moved 
C:\Users\lpc05\Desktop\Programmer\C++\UVA\UVA694\UVA694.in
successfully moved 
C:\Users\lpc05\Desktop\Programmer\C++\UVA\UVA694\UVA694.out
successfully moved 
UVA913. successfully created 
successfully moved 
C:\Users\lpc05\Desktop\Programmer\C++\UVA\UVA913\UVA913.exe
successfully moved 
UVA993. successfully created 
successfully moved 
