7778 11847
3424 8193
8363 12913
3635 4048
907 3213
12728 13600
9578 10870
1343 7478
3551 5673
2492 4559
4292 11423
1186 2636
9351 11839
3099 9284
6469 7874
11978 12073
7515 11832
9299 13948
484 10697
1404 11507
6374 8674
6240 8474
2161 13694
1742 3742
10212 13244
5860 11834
712 4130
5996 8252
2532 7667
9501 10802
2172 4861
6653 9841
2391 5041
1080 10756
6248 8006
7426 11008
4553 5801
2631 9548
4664 8964
307 6887
4138 10863
1246 4361
2426 13226
2001 11244
5148 9438
13298 13519
5315 12481
5834 13933
1954 8759
9024 9783
1060 3955
6708 13288
4711 11242
3262 10010
605 1241
4515 12396
4082 12975
2623 11363
2914 6064
2987 5406
870 7462
23 13668
1172 12627
3838 11391
2747 14063
7372 11872
1293 1939
3894 12897
5374 8425
7021 10963
11054 12964
11029 13334
7707 10961
342 2916
2459 10455
449 12715
988 6628
7652 8010
9831 12957
8794 10499
9103 9824
10829 12944
2377 10902
954 9196
6003 10921
3477 13671
9678 9984
5794 13722
5076 10021
6587 12918
6261 8402
1479 4608
1352 6850
1254 12694
2985 11948
8219 8979
3298 4899
5996 13048
7180 13045
2527 5176
7556 10255
5890 13273
10258 14074
3399 7164
782 14073
3438 5086
3526 3783
5129 13056
1759 10519
316 9347
3914 5780
1048 12853
2177 12739
3617 12891
537 6639
9733 12624
7163 12608
5743 12082
4298 11831
8120 12641
586 6253
105 9142
3561 13607
5105 8048
9459 12712
867 6787
7326 12110
1387 13758
11207 11566
1173 3230
9936 12965
6109 8275
5536 11047
361 11940
6993 8664
2577 10598
6069 9188
1223 2123
5700 11742
1978 4498
8871 12460
2607 4400
6658 9474
3318 5394
290 7699
4462 9861
2635 5856
715 3798
10359 10539
6140 8487
2088 10821
7967 9460
7425 7684
5814 11093
9926 12719
793 7175
1960 12293
1125 6503
3018 9329
6328 10807
13358 14127
5903 13584
4457 6133
2577 6799
51 13805
638 7307
5476 13090
2146 7699
742 13738
4274 4741
522 8112
699 9174
11168 13657
3763 9587
7393 11084
6648 13417
9138 12690
7352 10554
2051 7702
4259 9982
6154 12874
11369 12162
784 1916
3165 5654
4552 8107
5679 13240
12670 13647
998 1441
531 7471
1429 9096
8300 12036
6091 9715
3554 8334
7196 12309
888 2761
8719 12809
4169 6101
3893 12987
2157 2328
5819 6602
8867 11117
2583 7925
4679 13841
3952 5018
922 5312
2794 13801
7503 10898
8129 12724
90 695
7054 10423
764 8882
9684 10221
2015 11430
19 106
1328 10264
4156 4349
7325 8475
1845 11240
1854 12420
9905 10463
4723 5724
485 2422
4355 13856
3468 12150
4795 5442
5133 7239
2230 3924
5247 5420
6951 9456
6038 6392
5334 8234
1310 10963
1553 5519
1141 11312
5764 8541
4078 4901
11951 13351
1464 2247
4230 8857
5108 5504
5981 9639
284 10434
3688 12256
3226 8334
823 3916
4590 7332
2886 8867
1829 9215
1351 12510
9527 13868
267 9286
1451 7602
4364 5018
185 13315
575 2874
1923 5539
2975 6893
6242 11814
30 13485
5728 14081
6366 8246
3064 9726
2934 7193
5813 8149
3077 3975
2917 4806
2667 8361
1638 7166
9380 11567
3018 6166
2320 6859
370 3665
3803 10698
4395 12906
5084 11125
2377 5819
9984 14017
3106 11293
7573 8089
1506 13705
11347 13328
2615 4698
5310 12371
5405 5896
13074 13280
2131 2332
8171 12745
10713 12811
2113 2764
6887 13562
4360 6478
4545 7640
3596 4877
7244 8920
8376 10914
8819 9396
4 9514
2285 6104
6176 13345
5969 9784
853 3053
7758 10566
4427 10207
11893 12081
1327 11956
2806 7127
4340 10873
11140 13850
3782 11898
9547 11169
1710 11981
1419 5767
5055 7105
6187 13160
9481 11481
3902 9939
6501 7139
2670 14138
12434 13564
6788 11158
8853 12685
6036 9492
1367 11659
7180 10108
5567 6630
8368 13624
490 5757
4729 5647
116 4263
1114 2604
8026 13581
4325 13198
10650 11463
3418 7060
5167 10180
10531 12210
5875 9720
1232 3805
2032 13985
5533 6805
7468 9075
11690 12135
6374 6982
7696 12000
9099 9781
7013 13866
5557 12600
6467 11291
9459 13883
2497 12889
6020 11179
6252 10969
768 14048
10543 13989
5768 6999
10506 10860
273 9742
9531 11257
6578 12382
5684 10511
976 5530
10235 13230
3760 4864
41 9227
7417 13795
82 7805
1184 4277
2118 10704
3305 5618
1669 4410
3957 9998
4752 13288
2668 3044
5910 6449
5919 11015
1864 2354
3722 5407
5448 5507
89 10540
6120 14056
7536 13385
3969 13486
7106 14099
9505 11204
1579 10071
6612 12194
1359 8648
7110 12987
3524 10459
4467 13054
3282 5248
7936 10060
4987 6129
9930 12902
4243 4410
144 7289
6944 12781
2940 4001
3441 4248
8668 10370
12643 13207
7428 13077
9829 13561
8486 10170
11270 12754
2864 11084
7920 10277
2756 4219
5136 11822
4359 6130
4451 8730
2824 5398
5352 13696
12031 13222
2427 9899
4092 10093
4028 10199
909 11131
11107 11591
7020 12933
2777 10384
704 11791
2631 7046
10741 13559
6191 7987
4106 9607
7635 10003
4041 5582
8777 9547
8865 13854
824 10964
2616 2845
4963 5992
4188 4323
394 9371
8938 9898
4564 13794
9639 11860
6511 13799
2217 9304
2646 7872
12405 12540
9159 12274
4082 8121
3928 14100
4743 5911
2334 9554
3173 7868
1067 4342
2069 7051
11564 13989
8380 13309
4821 5509
6522 8718
3134 11748
2431 5354
596 2346
3900 12087
3425 9729
2846 9982
6288 12900
5873 12854
5784 11268
587 5817
4631 13637
3252 5636
1168 7098
1453 12817
1180 8458
1133 1209
8029 9163
5137 12473
3348 12678
4662 6341
2780 11518
153 10686
4919 8748
2220 5197
5033 9519
1188 1690
1347 12025
12677 13699
4643 10996
5576 9192
8041 10574
1563 13866
4014 13124
7162 11876
3750 13591
1872 10393
1144 1493
8661 13070
4443 12058
261 4646
2094 14060
702 5052
12197 14124
6039 10138
357 12113
1017 10225
6603 9441
3647 3723
7830 11119
2457 10310
1127 5473
9412 9851
13168 13547
564 6805
4665 9605
7202 8115
358 13941
3912 13257
370 3139
2040 10944
8332 13700
3494 11715
1414 12772
2013 9800
2652 4237
1307 1798
8434 10358
4154 8854
3438 5203
3075 8769
35 5832
147 5475
7939 13025
2314 13038
234 11708
1375 4535
3335 5676
3234 9799
1475 6822
10773 10792
1418 6290
4786 5068
7668 8664
9460 10349
4443 7336
5120 9580
2204 3255
2223 8982
12043 12215
6805 13596
652 9714
2273 13116
3629 5525
2693 11267
5765 12304
11378 13375
93 7734
2162 8449
2306 5572
5904 9674
4201 4796
2294 13326
4218 9303
3961 6296
387 3415
5937 12989
5129 13711
4694 13109
966 13018
1748 6676
3896 13838
3910 10156
7480 8595
1847 11940
2815 5100
2949 10818
10714 13600
4686 9084
4920 5345
11556 11961
678 6880
8833 9578
8369 12836
82 11349
11072 11782
1534 4679
989 5638
4887 13462
6066 9705
3786 14135
2643 10147
5391 6179
3154 8431
3628 4878
9335 11778
8617 10970
3045 10959
2878 13617
3744 4302
4975 9792
1896 4500
12693 12791
2658 9205
5355 13300
7600 12878
8560 9112
952 9644
10167 11188
10163 12124
2275 2652
6278 7710
2771 12989
7415 13204
8009 9282
1602 12388
10418 12228
1918 2514
1049 9090
6493 12094
782 5958
4473 13340
1101 4332
1986 3965
6148 12393
10117 11635
9299 13587
8976 9525
2400 12678
8723 10814
7398 7691
5361 6705
2124 8739
4130 6333
4036 9385
1943 9593
5111 8635
5848 11452
7519 8903
5177 13016
7638 8705
2150 11978
1221 2849
6253 6493
6812 10863
9204 12034
3446 7817
2643 7115
433 2068
1507 6602
6453 13771
3670 6650
6485 8112
10559 12554
562 7326
6497 11679
2146 4273
3602 8659
6337 6677
8134 14047
4223 4735
10895 11135
2693 3782
12056 13233
8209 9688
7123 9013
469 13257
5725 8937
2193 6297
4754 5545
957 1020
1616 13155
4659 11041
