1
1
1
1
1
2
2
2
2
2
4
4
4
4
4
6
6
6
6
6
9
9
9
9
9
13
13
13
13
13
18
18
18
18
18
24
24
24
24
24
31
31
31
31
31
39
39
39
39
39
50
50
50
50
50
62
62
62
62
62
77
77
77
77
77
93
93
93
93
93
112
112
112
112
112
134
134
134
134
134
159
159
159
159
159
187
187
187
187
187
218
218
218
218
218
252
252
252
252
252
292
292
292
292
292
335
335
335
335
335
384
384
384
384
384
436
436
436
436
436
494
494
494
494
494
558
558
558
558
558
628
628
628
628
628
704
704
704
704
704
786
786
786
786
786
874
874
874
874
874
972
972
972
972
972
1076
1076
1076
1076
1076
1190
1190
1190
1190
1190
1310
1310
1310
1310
1310
1440
1440
1440
1440
1440
1580
1580
1580
1580
1580
1730
1730
1730
1730
1730
1890
1890
1890
1890
1890
2060
2060
2060
2060
2060
2240
2240
2240
2240
2240
2435
2435
2435
2435
2435
2640
2640
2640
2640
2640
2860
2860
2860
2860
2860
3090
3090
3090
3090
3090
3335
3335
3335
3335
3335
3595
3595
3595
3595
3595
3870
3870
3870
3870
3870
4160
4160
4160
4160
4160
4465
4465
4465
4465
4465
4785
4785
4785
4785
4785
5126
5126
5126
5126
5126
5482
5482
5482
5482
5482
5859
5859
5859
5859
5859
6251
6251
6251
6251
6251
6664
6664
6664
6664
6664
7098
7098
7098
7098
7098
7553
7553
7553
7553
7553
8029
8029
8029
8029
8029
8526
8526
8526
8526
8526
9044
9044
9044
9044
9044
9590
9590
9590
9590
9590
10157
10157
10157
10157
10157
10752
10752
10752
10752
10752
11368
11368
11368
11368
11368
12012
12012
12012
12012
12012
12684
12684
12684
12684
12684
13384
13384
13384
13384
13384
14112
14112
14112
14112
14112
14868
14868
14868
14868
14868
15652
15652
15652
15652
15652
16472
16472
16472
16472
16472
17320
17320
17320
17320
17320
18204
18204
18204
18204
18204
19116
19116
19116
19116
19116
20064
20064
20064
20064
20064
21048
21048
21048
21048
21048
22068
22068
22068
22068
22068
23124
23124
23124
23124
23124
24216
24216
24216
24216
24216
25344
25344
25344
25344
25344
26517
26517
26517
26517
26517
27726
27726
27726
27726
27726
28980
28980
28980
28980
28980
30270
30270
30270
30270
30270
31605
31605
31605
31605
31605
32985
32985
32985
32985
32985
34410
34410
34410
34410
34410
35880
35880
35880
35880
35880
37395
37395
37395
37395
37395
38955
38955
38955
38955
38955
40570
40570
40570
40570
40570
42230
42230
42230
42230
42230
43945
43945
43945
43945
43945
45705
45705
45705
45705
45705
47520
47520
47520
47520
47520
49390
49390
49390
49390
49390
51315
51315
51315
51315
51315
53295
53295
53295
53295
53295
55330
55330
55330
55330
55330
57420
57420
57420
57420
57420
59576
59576
59576
59576
59576
61787
61787
61787
61787
61787
64064
64064
64064
64064
64064
66396
66396
66396
66396
66396
68794
68794
68794
68794
68794
71258
71258
71258
71258
71258
73788
73788
73788
73788
73788
76384
76384
76384
76384
76384
79046
79046
79046
79046
79046
81774
81774
81774
81774
81774
84580
84580
84580
84580
84580
87452
87452
87452
87452
87452
90402
90402
90402
90402
90402
93418
93418
93418
93418
93418
96512
96512
96512
96512
96512
99684
99684
99684
99684
99684
102934
102934
102934
102934
102934
106262
106262
106262
106262
106262
109668
109668
109668
109668
109668
113152
113152
113152
113152
113152
116727
116727
116727
116727
116727
120380
120380
120380
120380
120380
124124
124124
124124
124124
124124
127946
127946
127946
127946
127946
131859
131859
131859
131859
131859
135863
135863
135863
135863
135863
139958
139958
139958
139958
139958
144144
144144
144144
144144
144144
148421
148421
148421
148421
148421
152789
152789
152789
152789
152789
157262
157262
157262
157262
157262
161826
161826
161826
161826
161826
166495
166495
166495
166495
166495
171255
171255
171255
171255
171255
176120
176120
176120
176120
176120
181090
181090
181090
181090
181090
186165
186165
186165
186165
186165
191345
191345
191345
191345
191345
196630
196630
196630
196630
196630
202020
202020
202020
202020
202020
207530
207530
207530
207530
207530
213145
213145
213145
213145
213145
218880
218880
218880
218880
218880
224720
224720
224720
224720
224720
230680
230680
230680
230680
230680
236760
236760
236760
236760
236760
242960
242960
242960
242960
242960
249280
249280
249280
249280
249280
255720
255720
255720
255720
255720
262280
262280
262280
262280
262280
268976
268976
268976
268976
268976
275792
275792
275792
275792
275792
282744
282744
282744
282744
282744
289816
289816
289816
289816
289816
297024
297024
297024
297024
297024
304368
304368
304368
304368
304368
311848
311848
311848
311848
311848
319464
319464
319464
319464
319464
327216
327216
327216
327216
327216
335104
335104
335104
335104
335104
343145
343145
343145
343145
343145
351322
351322
351322
351322
351322
359652
359652
359652
359652
359652
368118
368118
368118
368118
368118
376737
376737
376737
376737
376737
385509
385509
385509
385509
385509
394434
394434
394434
394434
394434
403512
403512
403512
403512
403512
412743
412743
412743
412743
412743
422127
422127
422127
422127
422127
431682
431682
431682
431682
431682
441390
441390
441390
441390
441390
451269
451269
451269
451269
451269
461301
461301
461301
461301
461301
471504
471504
471504
471504
471504
481878
481878
481878
481878
481878
492423
492423
492423
492423
492423
503139
503139
503139
503139
503139
514026
514026
514026
514026
514026
525084
525084
525084
525084
525084
536332
536332
536332
536332
536332
547751
547751
547751
547751
547751
559360
559360
559360
559360
559360
571140
571140
571140
571140
571140
583110
583110
583110
583110
583110
595270
595270
595270
595270
595270
607620
607620
607620
607620
607620
620160
620160
620160
620160
620160
632890
632890
632890
632890
632890
645810
645810
645810
645810
645810
658940
658940
658940
658940
658940
672260
672260
672260
672260
672260
685790
685790
685790
685790
685790
699510
699510
699510
699510
699510
713440
713440
713440
713440
713440
727580
727580
727580
727580
727580
741930
741930
741930
741930
741930
756490
756490
756490
756490
756490
771260
771260
771260
771260
771260
786240
786240
786240
786240
786240
801451
801451
801451
801451
801451
816872
816872
816872
816872
816872
832524
832524
832524
832524
832524
848386
848386
848386
848386
848386
864479
864479
864479
864479
864479
880803
880803
880803
880803
880803
897358
897358
897358
897358
897358
914144
914144
914144
914144
914144
931161
931161
931161
931161
931161
948409
948409
948409
948409
948409
965910
965910
965910
965910
965910
983642
983642
983642
983642
983642
1001627
1001627
1001627
1001627
1001627
1019843
1019843
1019843
1019843
1019843
1038312
1038312
1038312
1038312
1038312
1057034
1057034
1057034
1057034
1057034
1076009
1076009
1076009
1076009
1076009
1095237
1095237
1095237
1095237
1095237
1114718
1114718
1114718
1114718
1114718
1134452
1134452
1134452
1134452
1134452
1154462
1154462
1154462
1154462
1154462
1174725
1174725
1174725
1174725
1174725
1195264
1195264
1195264
1195264
1195264
1216056
1216056
1216056
1216056
1216056
1237124
1237124
1237124
1237124
1237124
1258468
1258468
1258468
1258468
1258468
1280088
1280088
1280088
1280088
1280088
1301984
1301984
1301984
1301984
1301984
1324156
1324156
1324156
1324156
1324156
1346604
1346604
1346604
1346604
1346604
1369352
1369352
1369352
1369352
1369352
1392376
1392376
1392376
1392376
1392376
1415700
1415700
1415700
1415700
1415700
1439300
1439300
1439300
1439300
1439300
1463200
1463200
1463200
1463200
1463200
1487400
1487400
1487400
1487400
1487400
1511900
1511900
1511900
1511900
1511900
1536700
1536700
1536700
1536700
1536700
1561800
1561800
1561800
1561800
1561800
1587200
1587200
1587200
1587200
1587200
1612925
1612925
1612925
1612925
1612925
1638950
1638950
1638950
1638950
1638950
1665300
1665300
1665300
1665300
1665300
1691950
1691950
1691950
1691950
1691950
1718925
1718925
1718925
1718925
1718925
1746225
1746225
1746225
1746225
1746225
1773850
1773850
1773850
1773850
1773850
1801800
1801800
1801800
1801800
1801800
1830075
1830075
1830075
1830075
1830075
1858675
1858675
1858675
1858675
1858675
1887626
1887626
1887626
1887626
1887626
1916902
1916902
1916902
1916902
1916902
1946529
1946529
1946529
1946529
1946529
1976481
1976481
1976481
1976481
1976481
2006784
2006784
2006784
2006784
2006784
2037438
2037438
2037438
2037438
2037438
2068443
2068443
2068443
2068443
2068443
2099799
2099799
2099799
2099799
2099799
2131506
2131506
2131506
2131506
2131506
2163564
2163564
2163564
2163564
2163564
2196000
2196000
2196000
2196000
2196000
2228787
2228787
2228787
2228787
2228787
2261952
2261952
2261952
2261952
2261952
2295468
2295468
2295468
2295468
2295468
2329362
2329362
2329362
2329362
2329362
2363634
2363634
2363634
2363634
2363634
2398284
2398284
2398284
2398284
2398284
2433312
2433312
2433312
2433312
2433312
2468718
2468718
2468718
2468718
2468718
2504502
2504502
2504502
2504502
2504502
2540692
2540692
2540692
2540692
2540692
2577260
2577260
2577260
2577260
2577260
2614234
2614234
2614234
2614234
2614234
2651586
2651586
2651586
2651586
2651586
2689344
2689344
2689344
2689344
2689344
2727508
2727508
2727508
2727508
2727508
2766078
2766078
2766078
2766078
2766078
2805054
2805054
2805054
2805054
2805054
2844436
2844436
2844436
2844436
2844436
2884224
2884224
2884224
2884224
2884224
2924447
2924447
2924447
2924447
2924447
2965076
2965076
2965076
2965076
2965076
3006140
3006140
3006140
3006140
3006140
3047610
3047610
3047610
3047610
3047610
3089515
3089515
3089515
3089515
3089515
3131855
3131855
3131855
3131855
3131855
3174630
3174630
3174630
3174630
3174630
3217840
3217840
3217840
3217840
3217840
3261485
3261485
3261485
3261485
3261485
3305565
3305565
3305565
3305565
3305565
3350110
3350110
3350110
3350110
3350110
3395090
3395090
3395090
3395090
3395090
3440535
3440535
3440535
3440535
3440535
3486415
3486415
3486415
3486415
3486415
3532760
3532760
3532760
3532760
3532760
3579570
3579570
3579570
3579570
3579570
3626845
3626845
3626845
3626845
3626845
3674585
3674585
3674585
3674585
3674585
3722790
3722790
3722790
3722790
3722790
3771460
3771460
3771460
3771460
3771460
3820626
3820626
3820626
3820626
3820626
3870257
3870257
3870257
3870257
3870257
3920384
3920384
3920384
3920384
3920384
3970976
3970976
3970976
3970976
3970976
4022064
4022064
4022064
4022064
4022064
4073648
4073648
4073648
4073648
4073648
4125728
4125728
4125728
4125728
4125728
4178304
4178304
4178304
4178304
4178304
4231376
4231376
4231376
4231376
4231376
4284944
4284944
4284944
4284944
4284944
4339040
4339040
4339040
4339040
4339040
4393632
4393632
4393632
4393632
4393632
4448752
4448752
4448752
4448752
4448752
4504368
4504368
4504368
4504368
4504368
4560512
4560512
4560512
4560512
4560512
4617184
4617184
4617184
4617184
4617184
4674384
4674384
4674384
4674384
4674384
4732112
4732112
4732112
4732112
4732112
4790368
4790368
4790368
4790368
4790368
4849152
4849152
4849152
4849152
4849152
4908497
4908497
4908497
4908497
4908497
4968370
4968370
4968370
4968370
4968370
5028804
5028804
5028804
5028804
5028804
5089766
5089766
5089766
5089766
5089766
5151289
5151289
5151289
5151289
5151289
5213373
5213373
5213373
5213373
5213373
5276018
5276018
5276018
5276018
5276018
5339224
5339224
5339224
5339224
5339224
5402991
5402991
5402991
5402991
5402991
5467319
5467319
5467319
5467319
5467319
5532242
5532242
5532242
5532242
5532242
5597726
5597726
5597726
5597726
5597726
5663805
5663805
5663805
5663805
5663805
5730445
5730445
5730445
5730445
5730445
5797680
5797680
5797680
5797680
5797680
5865510
5865510
5865510
5865510
5865510
5933935
5933935
5933935
5933935
5933935
6002955
6002955
6002955
6002955
6002955
6072570
6072570
6072570
6072570
6072570
6142780
6142780
6142780
6142780
6142780
6213620
6213620
6213620
6213620
6213620
6285055
6285055
6285055
6285055
6285055
6357120
6357120
6357120
6357120
6357120
6429780
6429780
6429780
6429780
6429780
6503070
6503070
6503070
6503070
6503070
6576990
6576990
6576990
6576990
6576990
6651540
6651540
6651540
6651540
6651540
6726720
6726720
6726720
6726720
6726720
6802530
6802530
6802530
6802530
6802530
6878970
6878970
6878970
6878970
6878970
6956076
6956076
6956076
6956076
6956076
7033812
7033812
7033812
7033812
7033812
7112214
7112214
7112214
7112214
7112214
7191246
7191246
7191246
7191246
7191246
7270944
7270944
7270944
7270944
7270944
7351308
7351308
7351308
7351308
7351308
7432338
7432338
7432338
7432338
7432338
7514034
7514034
7514034
7514034
7514034
7596396
7596396
7596396
7596396
7596396
7679424
7679424
7679424
7679424
7679424
7763155
7763155
7763155
7763155
7763155
7847552
7847552
7847552
7847552
7847552
7932652
7932652
7932652
7932652
7932652
8018418
8018418
8018418
8018418
8018418
8104887
8104887
8104887
8104887
8104887
8192059
8192059
8192059
8192059
8192059
8279934
8279934
8279934
8279934
8279934
8368512
8368512
8368512
8368512
8368512
8457793
8457793
8457793
8457793
8457793
8547777
8547777
8547777
8547777
8547777
8638502
8638502
8638502
8638502
8638502
8729930
8729930
8729930
8729930
8729930
8822099
8822099
8822099
8822099
8822099
8914971
8914971
8914971
8914971
8914971
9008584
9008584
9008584
9008584
9008584
9102938
9102938
9102938
9102938
9102938
9198033
9198033
9198033
9198033
9198033
9293869
9293869
9293869
9293869
9293869
9390446
9390446
9390446
9390446
9390446
9487764
9487764
9487764
9487764
9487764
9585862
9585862
9585862
9585862
9585862
9684701
9684701
9684701
9684701
9684701
9784320
9784320
9784320
9784320
9784320
9884680
9884680
9884680
9884680
9884680
9985820
9985820
9985820
9985820
9985820
10087740
10087740
10087740
10087740
10087740
10190440
10190440
10190440
10190440
10190440
10293920
10293920
10293920
10293920
10293920
10398180
10398180
10398180
10398180
10398180
10503220
10503220
10503220
10503220
10503220
10609080
10609080
10609080
10609080
10609080
10715720
10715720
10715720
10715720
10715720
10823180
10823180
10823180
10823180
10823180
10931420
10931420
10931420
10931420
10931420
11040480
11040480
11040480
11040480
11040480
11150360
11150360
11150360
11150360
11150360
11261060
11261060
11261060
11261060
11261060
11372580
11372580
11372580
11372580
11372580
11484920
11484920
11484920
11484920
11484920
11598080
11598080
11598080
11598080
11598080
11712101
11712101
11712101
11712101
11712101
11826942
11826942
11826942
11826942
11826942
11942644
11942644
11942644
11942644
11942644
12059166
12059166
12059166
12059166
12059166
12176549
12176549
12176549
12176549
12176549
12294793
12294793
12294793
12294793
12294793
12413898
12413898
12413898
12413898
12413898
12533864
12533864
12533864
12533864
12533864
12654691
12654691
12654691
12654691
12654691
12776379
12776379
12776379
12776379
12776379
12898970
12898970
12898970
12898970
12898970
13022422
13022422
13022422
13022422
13022422
13146777
13146777
13146777
13146777
13146777
13271993
13271993
13271993
13271993
13271993
13398112
13398112
13398112
13398112
13398112
13525134
13525134
13525134
13525134
13525134
13653059
13653059
13653059
13653059
13653059
13781887
13781887
13781887
13781887
13781887
13911618
13911618
13911618
13911618
13911618
14042252
14042252
14042252
14042252
14042252
14173832
14173832
14173832
14173832
14173832
14306315
14306315
14306315
14306315
14306315
14439744
14439744
14439744
14439744
14439744
14574076
14574076
14574076
14574076
14574076
14709354
14709354
14709354
14709354
14709354
14845578
14845578
14845578
14845578
14845578
14982748
14982748
14982748
14982748
14982748
15120864
15120864
15120864
15120864
15120864
15259926
15259926
15259926
15259926
15259926
15399934
15399934
15399934
15399934
15399934
15540932
15540932
15540932
15540932
15540932
15682876
15682876
15682876
15682876
15682876
15825810
15825810
15825810
15825810
15825810
15969690
15969690
15969690
15969690
15969690
16114560
16114560
16114560
16114560
16114560
16260420
16260420
16260420
16260420
16260420
16407270
16407270
16407270
16407270
16407270
16555110
16555110
16555110
16555110
16555110
16703940
16703940
16703940
16703940
16703940
16853760
16853760
16853760
16853760
16853760
17004615
17004615
17004615
17004615
17004615
17156460
17156460
17156460
17156460
17156460
17309340
17309340
17309340
17309340
17309340
17463210
17463210
17463210
17463210
17463210
17618115
17618115
17618115
17618115
17618115
17774055
17774055
17774055
17774055
17774055
17931030
17931030
17931030
17931030
17931030
18089040
18089040
18089040
18089040
18089040
18248085
18248085
18248085
18248085
18248085
18408165
18408165
18408165
18408165
18408165
18569326
18569326
18569326
18569326
18569326
18731522
18731522
18731522
18731522
18731522
18894799
18894799
18894799
18894799
18894799
19059111
19059111
19059111
19059111
19059111
19224504
19224504
19224504
19224504
19224504
19390978
19390978
19390978
19390978
19390978
19558533
19558533
19558533
19558533
19558533
19727169
19727169
19727169
19727169
19727169
19896886
19896886
19896886
19896886
19896886
20067684
20067684
20067684
20067684
20067684
20239610
20239610
20239610
20239610
20239610
20412617
20412617
20412617
20412617
20412617
20586752
20586752
20586752
20586752
20586752
20761968
20761968
20761968
20761968
20761968
20938312
20938312
20938312
20938312
20938312
21115784
21115784
21115784
21115784
21115784
21294384
21294384
21294384
21294384
21294384
21474112
21474112
21474112
21474112
21474112
21654968
21654968
21654968
21654968
21654968
21836952
21836952
21836952
21836952
21836952
22020112
22020112
22020112
22020112
22020112
22204400
22204400
22204400
22204400
22204400
22389864
22389864
22389864
22389864
22389864
22576456
22576456
22576456
22576456
22576456
22764224
22764224
22764224
22764224
22764224
22953168
22953168
22953168
22953168
22953168
23143288
23143288
23143288
23143288
23143288
23334584
23334584
23334584
23334584
23334584
23527056
23527056
23527056
23527056
23527056
23720704
23720704
23720704
23720704
23720704
23915577
23915577
23915577
23915577
23915577
24111626
24111626
24111626
24111626
24111626
24308900
24308900
24308900
24308900
24308900
24507350
24507350
24507350
24507350
24507350
24707025
24707025
24707025
24707025
24707025
24907925
24907925
24907925
24907925
24907925
25110050
25110050
25110050
25110050
25110050
25313400
25313400
25313400
25313400
25313400
25517975
25517975
25517975
25517975
25517975
25723775
25723775
25723775
25723775
25723775
25930850
25930850
25930850
25930850
25930850
26139150
26139150
26139150
26139150
26139150
26348725
26348725
26348725
26348725
26348725
26559525
26559525
26559525
26559525
26559525
26771600
26771600
26771600
26771600
26771600
26984950
26984950
26984950
26984950
26984950
27199575
27199575
27199575
27199575
27199575
27415475
27415475
27415475
27415475
27415475
27632650
27632650
27632650
27632650
27632650
27851100
27851100
27851100
27851100
27851100
28070876
28070876
28070876
28070876
28070876
28291927
28291927
28291927
28291927
28291927
28514304
28514304
28514304
28514304
28514304
28737956
28737956
28737956
28737956
28737956
28962934
28962934
28962934
28962934
28962934
29189238
29189238
29189238
29189238
29189238
29416868
29416868
29416868
29416868
29416868
29645824
29645824
29645824
29645824
29645824
29876106
29876106
29876106
29876106
29876106
30107714
30107714
30107714
30107714
30107714
30340700
30340700
30340700
30340700
30340700
30575012
30575012
30575012
30575012
30575012
30810702
30810702
30810702
30810702
30810702
31047718
31047718
31047718
31047718
31047718
31286112
31286112
31286112
31286112
31286112
31525884
31525884
31525884
31525884
31525884
31767034
31767034
31767034
31767034
31767034
32009562
32009562
32009562
32009562
32009562
32253468
32253468
32253468
32253468
32253468
32498752
32498752
32498752
32498752
32498752
32745467
32745467
32745467
32745467
32745467
32993560
32993560
32993560
32993560
32993560
33243084
33243084
33243084
33243084
33243084
33493986
33493986
33493986
33493986
33493986
33746319
33746319
33746319
33746319
33746319
34000083
34000083
34000083
34000083
34000083
34255278
34255278
34255278
34255278
34255278
34511904
34511904
34511904
34511904
34511904
34769961
34769961
34769961
34769961
34769961
35029449
35029449
35029449
35029449
35029449
35290422
35290422
35290422
35290422
35290422
35552826
35552826
35552826
35552826
35552826
35816715
35816715
35816715
35816715
35816715
36082035
36082035
36082035
36082035
36082035
36348840
36348840
36348840
36348840
36348840
36617130
36617130
36617130
36617130
36617130
36886905
36886905
36886905
36886905
36886905
37158165
37158165
37158165
37158165
37158165
37430910
37430910
37430910
37430910
37430910
37705140
37705140
37705140
37705140
37705140
37980910
37980910
37980910
37980910
37980910
38258165
38258165
38258165
38258165
38258165
38536960
38536960
38536960
38536960
38536960
38817240
38817240
38817240
38817240
38817240
39099060
39099060
39099060
39099060
39099060
39382420
39382420
39382420
39382420
39382420
39667320
39667320
39667320
39667320
39667320
39953760
39953760
39953760
39953760
39953760
40241740
40241740
40241740
40241740
40241740
40531260
40531260
40531260
40531260
40531260
40822376
40822376
40822376
40822376
40822376
41115032
41115032
41115032
41115032
41115032
41409284
41409284
41409284
41409284
41409284
41705076
41705076
41705076
41705076
41705076
42002464
42002464
42002464
42002464
42002464
42301448
42301448
42301448
42301448
42301448
42602028
42602028
42602028
42602028
42602028
42904204
42904204
42904204
42904204
42904204
43207976
43207976
43207976
43207976
43207976
43513344
43513344
43513344
43513344
43513344
43820365
43820365
43820365
43820365
43820365
44128982
44128982
44128982
44128982
44128982
44439252
44439252
44439252
44439252
44439252
44751118
44751118
44751118
44751118
44751118
45064637
45064637
45064637
45064637
45064637
45379809
45379809
45379809
45379809
45379809
45696634
45696634
45696634
45696634
45696634
46015112
46015112
46015112
46015112
46015112
46335243
46335243
46335243
46335243
46335243
46657027
46657027
46657027
46657027
46657027
46980522
46980522
46980522
46980522
46980522
47305670
47305670
47305670
47305670
47305670
47632529
47632529
47632529
47632529
47632529
47961041
47961041
47961041
47961041
47961041
48291264
48291264
48291264
48291264
48291264
48623198
48623198
48623198
48623198
48623198
48956843
48956843
48956843
48956843
48956843
49292199
49292199
49292199
49292199
49292199
49629266
49629266
49629266
49629266
49629266
49968044
49968044
49968044
49968044
49968044
50308592
50308592
50308592
50308592
50308592
50650851
50650851
50650851
50650851
50650851
50994880
50994880
50994880
50994880
50994880
51340620
51340620
51340620
51340620
51340620
51688130
51688130
51688130
51688130
51688130
52037410
52037410
52037410
52037410
52037410
52388460
52388460
52388460
52388460
52388460
52741280
52741280
52741280
52741280
52741280
53095870
53095870
53095870
53095870
53095870
53452230
53452230
53452230
53452230
53452230
53810420
53810420
53810420
53810420
53810420
54170380
54170380
54170380
54170380
54170380
54532170
54532170
54532170
54532170
54532170
54895730
54895730
54895730
54895730
54895730
55261120
55261120
55261120
55261120
55261120
55628340
55628340
55628340
55628340
55628340
55997390
55997390
55997390
55997390
55997390
56368270
56368270
56368270
56368270
56368270
56740980
56740980
56740980
56740980
56740980
57115520
57115520
57115520
57115520
57115520
57491951
57491951
57491951
57491951
57491951
57870212
57870212
57870212
57870212
57870212
58250364
58250364
58250364
58250364
58250364
58632346
58632346
58632346
58632346
58632346
59016219
59016219
59016219
59016219
59016219
59401983
59401983
59401983
59401983
59401983
59789638
59789638
59789638
59789638
59789638
60179184
60179184
60179184
60179184
60179184
60570621
60570621
60570621
60570621
60570621
60963949
60963949
60963949
60963949
60963949
61359230
61359230
61359230
61359230
61359230
61756402
61756402
61756402
61756402
61756402
62155527
62155527
62155527
62155527
62155527
62556543
62556543
62556543
62556543
62556543
62959512
62959512
62959512
62959512
62959512
63364434
63364434
63364434
63364434
63364434
63771309
63771309
63771309
63771309
63771309
64180137
64180137
64180137
64180137
64180137
64590918
64590918
64590918
64590918
64590918
65003652
65003652
65003652
65003652
65003652
65418402
65418402
65418402
65418402
65418402
65835105
65835105
65835105
65835105
65835105
66253824
66253824
66253824
66253824
66253824
66674496
66674496
66674496
66674496
66674496
67097184
67097184
67097184
67097184
67097184
67521888
67521888
67521888
67521888
67521888
67948608
67948608
67948608
67948608
67948608
68377344
68377344
68377344
68377344
68377344
68808096
68808096
68808096
68808096
68808096
69240864
69240864
69240864
69240864
69240864
69675712
69675712
69675712
69675712
69675712
70112576
70112576
70112576
70112576
70112576
70551520
70551520
70551520
70551520
70551520
70992480
70992480
70992480
70992480
70992480
71435520
71435520
71435520
71435520
71435520
71880640
71880640
71880640
71880640
71880640
72327840
72327840
72327840
72327840
72327840
72777120
72777120
72777120
72777120
72777120
73228480
73228480
73228480
73228480
73228480
73681920
73681920
73681920
73681920
73681920
74137505
74137505
74137505
74137505
74137505
74595170
74595170
74595170
74595170
74595170
75054980
75054980
75054980
75054980
75054980
75516870
75516870
75516870
75516870
75516870
75980905
75980905
75980905
75980905
75980905
76447085
76447085
76447085
76447085
76447085
76915410
76915410
76915410
76915410
76915410
77385880
77385880
77385880
77385880
77385880
77858495
77858495
77858495
77858495
77858495
78333255
78333255
78333255
78333255
78333255
78810226
78810226
78810226
78810226
78810226
79289342
79289342
79289342
79289342
79289342
79770669
79770669
79770669
79770669
79770669
80254141
80254141
80254141
80254141
80254141
80739824
80739824
80739824
80739824
80739824
81227718
81227718
81227718
81227718
81227718
81717823
81717823
81717823
81717823
81717823
82210139
82210139
82210139
82210139
82210139
82704666
82704666
82704666
82704666
82704666
83201404
83201404
83201404
83201404
83201404
83700420
83700420
83700420
83700420
83700420
84201647
84201647
84201647
84201647
84201647
84705152
84705152
84705152
84705152
84705152
85210868
85210868
85210868
85210868
85210868
85718862
85718862
85718862
85718862
85718862
86229134
86229134
86229134
86229134
86229134
86741684
86741684
86741684
86741684
86741684
87256512
87256512
87256512
87256512
87256512
87773618
87773618
87773618
87773618
87773618
88293002
88293002
88293002
88293002
88293002
88814732
88814732
88814732
88814732
88814732
89338740
89338740
89338740
89338740
89338740
89865094
89865094
89865094
89865094
89865094
90393726
90393726
90393726
90393726
90393726
90924704
90924704
90924704
90924704
90924704
91458028
91458028
91458028
91458028
91458028
91993698
91993698
91993698
91993698
91993698
92531714
92531714
92531714
92531714
92531714
93072076
93072076
93072076
93072076
93072076
93614784
93614784
93614784
93614784
93614784
94159907
94159907
94159907
94159907
94159907
94707376
94707376
94707376
94707376
94707376
95257260
95257260
95257260
95257260
95257260
95809490
95809490
95809490
95809490
95809490
96364135
96364135
96364135
96364135
96364135
96921195
96921195
96921195
96921195
96921195
97480670
97480670
97480670
97480670
97480670
98042560
98042560
98042560
98042560
98042560
98606865
98606865
98606865
98606865
98606865
99173585
99173585
99173585
99173585
99173585
99742790
99742790
99742790
99742790
99742790
100314410
100314410
100314410
100314410
100314410
100888515
100888515
100888515
100888515
100888515
101465035
101465035
101465035
101465035
101465035
102044040
102044040
102044040
102044040
102044040
102625530
102625530
102625530
102625530
102625530
103209505
103209505
103209505
103209505
103209505
103795965
103795965
103795965
103795965
103795965
104384910
104384910
104384910
104384910
104384910
104976340
104976340
104976340
104976340
104976340
105570326
105570326
105570326
105570326
105570326
106166797
106166797
106166797
106166797
106166797
106765824
106765824
106765824
106765824
106765824
107367336
107367336
107367336
107367336
107367336
107971404
107971404
107971404
107971404
107971404
108578028
108578028
108578028
108578028
108578028
109187208
109187208
109187208
109187208
109187208
109798944
109798944
109798944
109798944
109798944
110413236
110413236
110413236
110413236
110413236
111030084
111030084
111030084
111030084
111030084
111649560
111649560
111649560
111649560
111649560
112271592
112271592
112271592
112271592
112271592
112896252
112896252
112896252
112896252
112896252
113523468
113523468
113523468
113523468
113523468
114153312
114153312
114153312
114153312
114153312
114785784
114785784
114785784
114785784
114785784
115420884
115420884
115420884
115420884
115420884
116058612
116058612
116058612
116058612
116058612
116698968
116698968
116698968
116698968
116698968
117341952
117341952
117341952
117341952
117341952
117987637
117987637
117987637
117987637
117987637
118635950
118635950
118635950
118635950
118635950
119286964
119286964
119286964
119286964
119286964
119940606
119940606
119940606
119940606
119940606
120596949
120596949
120596949
120596949
120596949
121255993
121255993
121255993
121255993
121255993
121917738
121917738
121917738
121917738
121917738
122582184
122582184
122582184
122582184
122582184
123249331
123249331
123249331
123249331
123249331
123919179
123919179
123919179
123919179
123919179
124591802
124591802
124591802
124591802
124591802
125267126
125267126
125267126
125267126
125267126
125945225
125945225
125945225
125945225
125945225
126626025
126626025
126626025
126626025
126626025
127309600
127309600
127309600
127309600
127309600
127995950
127995950
127995950
127995950
127995950
128685075
128685075
128685075
128685075
128685075
129376975
129376975
129376975
129376975
129376975
130071650
130071650
130071650
130071650
130071650
130769100
130769100
130769100
130769100
130769100
131469400
131469400
131469400
131469400
131469400
132172475
132172475
132172475
132172475
132172475
132878400
132878400
132878400
132878400
132878400
133587100
133587100
133587100
133587100
133587100
134298650
134298650
134298650
134298650
134298650
135013050
135013050
135013050
135013050
135013050
135730300
135730300
135730300
135730300
135730300
136450400
136450400
136450400
136450400
136450400
137173350
137173350
137173350
137173350
137173350
137899150
137899150
137899150
137899150
137899150
138627876
138627876
138627876
138627876
138627876
139359452
139359452
139359452
139359452
139359452
140093954
140093954
140093954
140093954
140093954
140831306
140831306
140831306
140831306
140831306
141571584
141571584
141571584
141571584
141571584
142314788
142314788
142314788
142314788
142314788
143060918
143060918
143060918
143060918
143060918
143809974
143809974
143809974
143809974
143809974
144561956
144561956
144561956
144561956
144561956
145316864
145316864
145316864
145316864
145316864
146074775
146074775
146074775
146074775
146074775
146835612
146835612
146835612
146835612
146835612
147599452
147599452
147599452
147599452
147599452
148366218
148366218
148366218
148366218
148366218
149135987
149135987
149135987
149135987
149135987
149908759
149908759
149908759
149908759
149908759
150684534
150684534
150684534
150684534
150684534
151463312
151463312
151463312
151463312
151463312
152245093
152245093
152245093
152245093
152245093
153029877
153029877
153029877
153029877
153029877
153817742
153817742
153817742
153817742
153817742
154608610
154608610
154608610
154608610
154608610
155402559
155402559
155402559
155402559
155402559
156199511
156199511
156199511
156199511
156199511
156999544
156999544
156999544
156999544
156999544
157802658
157802658
157802658
157802658
157802658
158608853
158608853
158608853
158608853
158608853
159418129
159418129
159418129
159418129
159418129
160230486
160230486
160230486
160230486
160230486
161045924
161045924
161045924
161045924
161045924
161864522
161864522
161864522
161864522
161864522
162686201
162686201
162686201
162686201
162686201
163511040
163511040
163511040
163511040
163511040
164338960
164338960
164338960
164338960
164338960
165170040
165170040
165170040
165170040
165170040
166004280
166004280
166004280
166004280
166004280
166841680
166841680
166841680
166841680
166841680
167682240
167682240
167682240
167682240
167682240
168525960
168525960
168525960
168525960
168525960
169372840
169372840
169372840
169372840
169372840
170222960
170222960
170222960
170222960
170222960
171076240
171076240
171076240
171076240
171076240
171932760
171932760
171932760
171932760
171932760
172792440
172792440
172792440
172792440
172792440
173655360
173655360
173655360
173655360
173655360
174521520
174521520
174521520
174521520
174521520
175390920
175390920
175390920
175390920
175390920
176263560
176263560
176263560
176263560
176263560
177139440
177139440
177139440
177139440
177139440
178018560
178018560
178018560
178018560
178018560
178901001
178901001
178901001
178901001
178901001
179786682
179786682
179786682
179786682
179786682
180675684
180675684
180675684
180675684
180675684
181567926
181567926
181567926
181567926
181567926
182463489
182463489
182463489
182463489
182463489
183362373
183362373
183362373
183362373
183362373
184264578
184264578
184264578
184264578
184264578
185170104
185170104
185170104
185170104
185170104
186078951
186078951
186078951
186078951
186078951
186991119
186991119
186991119
186991119
186991119
187906690
187906690
187906690
187906690
187906690
188825582
188825582
188825582
188825582
188825582
189747877
189747877
189747877
189747877
189747877
190673493
190673493
190673493
190673493
190673493
191602512
191602512
191602512
191602512
191602512
192534934
192534934
192534934
192534934
192534934
193470759
193470759
193470759
193470759
193470759
194409987
194409987
194409987
194409987
194409987
195352618
195352618
195352618
195352618
195352618
196298652
196298652
196298652
196298652
196298652
197248172
197248172
197248172
197248172
197248172
198201095
198201095
198201095
198201095
198201095
199157504
199157504
199157504
199157504
199157504
200117316
200117316
200117316
200117316
200117316
201080614
201080614
201080614
201080614
201080614
202047398
202047398
202047398
202047398
202047398
203017668
203017668
203017668
203017668
203017668
203991424
203991424
203991424
203991424
203991424
204968666
204968666
204968666
204968666
204968666
205949394
205949394
205949394
205949394
205949394
206933692
206933692
206933692
206933692
206933692
207921476
207921476
207921476
207921476
207921476
208912830
208912830
208912830
208912830
208912830
209907670
209907670
209907670
209907670
209907670
210906080
210906080
210906080
210906080
210906080
211908060
211908060
211908060
211908060
211908060
212913610
212913610
212913610
212913610
212913610
213922730
213922730
213922730
213922730
213922730
214935420
214935420
214935420
214935420
214935420
215951680
215951680
215951680
215951680
215951680
216971595
216971595
216971595
216971595
216971595
217995080
217995080
217995080
217995080
217995080
219022220
219022220
219022220
219022220
219022220
220052930
220052930
220052930
220052930
220052930
221087295
221087295
221087295
221087295
221087295
222125315
222125315
222125315
222125315
222125315
223166990
223166990
223166990
223166990
223166990
224212320
224212320
224212320
224212320
224212320
225261305
225261305
225261305
225261305
225261305
226313945
226313945
226313945
226313945
226313945
227370326
227370326
227370326
227370326
227370326
228430362
228430362
228430362
228430362
228430362
229494139
229494139
229494139
229494139
229494139
230561571
230561571
230561571
230561571
230561571
231632744
231632744
231632744
231632744
231632744
232707658
232707658
232707658
232707658
232707658
233786313
233786313
233786313
233786313
233786313
234868709
234868709
234868709
234868709
234868709
235954846
235954846
235954846
235954846
235954846
237044724
237044724
237044724
237044724
237044724
238138430
238138430
238138430
238138430
238138430
239235877
239235877
239235877
239235877
239235877
240337152
240337152
240337152
240337152
240337152
241442168
241442168
241442168
241442168
241442168
242551012
242551012
242551012
242551012
242551012
243663684
243663684
243663684
243663684
243663684
244780184
244780184
244780184
244780184
244780184
245900512
245900512
245900512
245900512
245900512
247024668
247024668
247024668
247024668
247024668
248152652
248152652
248152652
248152652
248152652
249284552
249284552
249284552
249284552
249284552
250420280
250420280
250420280
250420280
250420280
251559924
251559924
251559924
251559924
251559924
252703396
252703396
252703396
252703396
252703396
253850784
253850784
253850784
253850784
253850784
255002088
255002088
255002088
255002088
255002088
256157308
256157308
256157308
256157308
256157308
257316444
257316444
257316444
257316444
257316444
258479496
258479496
258479496
258479496
258479496
259646464
259646464
259646464
259646464
259646464
260817437
260817437
260817437
260817437
260817437
261992326
261992326
261992326
261992326
261992326
263171220
263171220
263171220
263171220
263171220
264354030
264354030
264354030
264354030
264354030
265540845
265540845
265540845
265540845
265540845
266731665
266731665
266731665
266731665
266731665
267926490
267926490
267926490
267926490
267926490
269125320
269125320
269125320
269125320
269125320
270328155
270328155
270328155
270328155
270328155
271534995
271534995
271534995
271534995
271534995
272745930
272745930
272745930
272745930
272745930
273960870
273960870
273960870
273960870
273960870
275179905
275179905
275179905
275179905
275179905
276402945
276402945
276402945
276402945
276402945
277630080
277630080
277630080
277630080
277630080
278861310
278861310
278861310
278861310
278861310
280096635
280096635
280096635
280096635
280096635
281336055
281336055
281336055
281336055
281336055
282579570
282579570
282579570
282579570
282579570
283827180
283827180
283827180
283827180
283827180
285078976
285078976
285078976
285078976
285078976
286334867
286334867
286334867
286334867
286334867
287594944
287594944
287594944
287594944
287594944
288859116
288859116
288859116
288859116
288859116
290127474
290127474
290127474
290127474
290127474
291400018
291400018
291400018
291400018
291400018
292676748
292676748
292676748
292676748
292676748
293957664
293957664
293957664
293957664
293957664
295242766
295242766
295242766
295242766
295242766
296532054
296532054
296532054
296532054
296532054
297825620
297825620
297825620
297825620
297825620
299123372
299123372
299123372
299123372
299123372
300425402
300425402
300425402
300425402
300425402
301731618
301731618
301731618
301731618
301731618
303042112
303042112
303042112
303042112
303042112
304356884
304356884
304356884
304356884
304356884
305675934
305675934
305675934
305675934
305675934
306999262
306999262
306999262
306999262
306999262
308326868
308326868
308326868
308326868
308326868
309658752
309658752
309658752
309658752
309658752
310995007
310995007
310995007
310995007
310995007
312335540
312335540
312335540
312335540
312335540
313680444
313680444
313680444
313680444
313680444
315029626
315029626
315029626
315029626
315029626
316383179
316383179
316383179
316383179
316383179
317741103
317741103
317741103
317741103
317741103
319103398
319103398
319103398
319103398
319103398
320470064
320470064
320470064
320470064
320470064
321841101
321841101
321841101
321841101
321841101
323216509
323216509
323216509
323216509
323216509
324596382
324596382
324596382
324596382
324596382
325980626
325980626
325980626
325980626
325980626
327369335
327369335
327369335
327369335
327369335
328762415
328762415
328762415
328762415
328762415
330159960
330159960
330159960
330159960
330159960
331561970
331561970
331561970
331561970
331561970
332968445
332968445
332968445
332968445
332968445
334379385
334379385
334379385
334379385
334379385
335794790
335794790
335794790
335794790
335794790
337214660
337214660
337214660
337214660
337214660
338639090
338639090
338639090
338639090
338639090
340067985
340067985
340067985
340067985
340067985
341501440
341501440
341501440
341501440
341501440
342939360
342939360
342939360
342939360
342939360
344381840
344381840
344381840
344381840
344381840
345828880
345828880
345828880
345828880
345828880
347280480
347280480
347280480
347280480
347280480
348736640
348736640
348736640
348736640
348736640
350197360
350197360
350197360
350197360
350197360
351662640
351662640
351662640
351662640
351662640
353132576
353132576
353132576
353132576
353132576
354607072
354607072
354607072
354607072
354607072
356086224
356086224
356086224
356086224
356086224
357569936
357569936
357569936
357569936
357569936
359058304
359058304
359058304
359058304
359058304
360551328
360551328
360551328
360551328
360551328
362049008
362049008
362049008
362049008
362049008
363551344
363551344
363551344
363551344
363551344
365058336
365058336
365058336
365058336
365058336
366569984
366569984
366569984
366569984
366569984
368086385
368086385
368086385
368086385
368086385
369607442
369607442
369607442
369607442
369607442
371133252
371133252
371133252
371133252
371133252
372663718
372663718
372663718
372663718
372663718
374198937
374198937
374198937
374198937
374198937
375738909
375738909
375738909
375738909
375738909
377283634
377283634
377283634
377283634
377283634
378833112
378833112
378833112
378833112
378833112
380387343
380387343
380387343
380387343
380387343
381946327
381946327
381946327
381946327
381946327
383510162
383510162
383510162
383510162
383510162
385078750
385078750
385078750
385078750
385078750
386652189
386652189
386652189
386652189
386652189
388230381
388230381
388230381
388230381
388230381
389813424
389813424
389813424
389813424
389813424
391401318
391401318
391401318
391401318
391401318
392994063
392994063
392994063
392994063
392994063
394591659
394591659
394591659
394591659
394591659
396194106
396194106
396194106
396194106
396194106
397801404
397801404
397801404
397801404
397801404
399413652
399413652
399413652
399413652
399413652
401030751
401030751
401030751
401030751
401030751
402652800
402652800
402652800
402652800
402652800
404279700
404279700
404279700
404279700
404279700
405911550
405911550
405911550
405911550
405911550
407548350
407548350
407548350
407548350
407548350
409190100
409190100
409190100
409190100
409190100
410836800
410836800
410836800
410836800
410836800
412488450
412488450
412488450
412488450
412488450
414145050
414145050
414145050
414145050
414145050
415806700
415806700
415806700
415806700
415806700
417473300
417473300
417473300
417473300
417473300
419144950
419144950
419144950
419144950
419144950
420821550
420821550
420821550
420821550
420821550
422503200
422503200
422503200
422503200
422503200
424189900
424189900
424189900
424189900
424189900
425881650
425881650
425881650
425881650
425881650
427578450
427578450
427578450
427578450
427578450
429280300
429280300
429280300
429280300
429280300
430987200
430987200
430987200
430987200
430987200
432699251
432699251
432699251
432699251
432699251
434416352
434416352
434416352
434416352
434416352
436138604
436138604
436138604
436138604
436138604
437865906
437865906
437865906
437865906
437865906
439598359
439598359
439598359
439598359
439598359
441335963
441335963
441335963
441335963
441335963
443078718
443078718
443078718
443078718
443078718
444826624
444826624
444826624
444826624
444826624
446579681
446579681
446579681
446579681
446579681
448337889
448337889
448337889
448337889
448337889
450101350
450101350
450101350
450101350
450101350
451869962
451869962
451869962
451869962
451869962
453643827
453643827
453643827
453643827
453643827
455422843
455422843
455422843
455422843
455422843
457207112
457207112
457207112
457207112
457207112
458996634
458996634
458996634
458996634
458996634
460791409
460791409
460791409
460791409
460791409
462591437
462591437
462591437
462591437
462591437
464396718
464396718
464396718
464396718
464396718
466207252
466207252
466207252
466207252
466207252
468023142
468023142
468023142
468023142
468023142
469844285
469844285
469844285
469844285
469844285
471670784
471670784
471670784
471670784
471670784
473502536
473502536
473502536
473502536
473502536
475339644
475339644
475339644
475339644
475339644
477182108
477182108
477182108
477182108
477182108
479029928
479029928
479029928
479029928
479029928
480883104
480883104
480883104
480883104
480883104
482741636
482741636
482741636
482741636
482741636
484605524
484605524
484605524
484605524
484605524
486474872
486474872
486474872
486474872
486474872
488349576
488349576
488349576
488349576
488349576
490229740
490229740
490229740
490229740
490229740
492115260
492115260
492115260
492115260
492115260
494006240
494006240
494006240
494006240
494006240
495902680
495902680
495902680
495902680
495902680
497804580
497804580
497804580
497804580
497804580
499711940
499711940
499711940
499711940
499711940
501624760
501624760
501624760
501624760
501624760
503543040
503543040
503543040
503543040
503543040
505466885
505466885
505466885
505466885
505466885
507396190
507396190
507396190
507396190
507396190
509331060
509331060
509331060
509331060
509331060
511271390
511271390
511271390
511271390
511271390
513217285
513217285
513217285
513217285
513217285
515168745
515168745
515168745
515168745
515168745
517125770
517125770
517125770
517125770
517125770
519088360
519088360
519088360
519088360
519088360
521056515
521056515
521056515
521056515
521056515
523030235
523030235
523030235
523030235
523030235
525009626
525009626
525009626
525009626
525009626
526994582
526994582
526994582
526994582
526994582
528985209
528985209
528985209
528985209
528985209
530981401
530981401
530981401
530981401
530981401
532983264
532983264
532983264
532983264
532983264
534990798
534990798
534990798
534990798
534990798
537004003
537004003
537004003
537004003
537004003
539022879
539022879
539022879
539022879
539022879
541047426
541047426
541047426
541047426
541047426
543077644
543077644
543077644
543077644
543077644
545113640
545113640
545113640
545113640
545113640
547155307
547155307
547155307
547155307
547155307
549202752
549202752
549202752
549202752
549202752
551255868
551255868
551255868
551255868
551255868
553314762
553314762
553314762
553314762
553314762
555379434
555379434
555379434
555379434
555379434
557449884
557449884
557449884
557449884
557449884
559526112
559526112
559526112
559526112
559526112
561608118
561608118
561608118
561608118
561608118
563695902
563695902
563695902
563695902
563695902
565789572
565789572
565789572
565789572
565789572
567889020
567889020
567889020
567889020
567889020
569994354
569994354
569994354
569994354
569994354
572105466
572105466
572105466
572105466
572105466
574222464
574222464
574222464
574222464
574222464
576345348
576345348
576345348
576345348
576345348
578474118
578474118
578474118
578474118
578474118
580608774
580608774
580608774
580608774
580608774
582749316
582749316
582749316
582749316
582749316
584895744
584895744
584895744
584895744
584895744
587048167
587048167
587048167
587048167
587048167
589206476
589206476
589206476
589206476
589206476
591370780
591370780
591370780
591370780
591370780
593540970
593540970
593540970
593540970
593540970
595717155
595717155
595717155
595717155
595717155
597899335
597899335
597899335
597899335
597899335
600087510
600087510
600087510
600087510
600087510
602281680
602281680
602281680
602281680
602281680
604481845
604481845
604481845
604481845
604481845
606688005
606688005
606688005
606688005
606688005
608900270
608900270
608900270
608900270
608900270
611118530
611118530
611118530
611118530
611118530
613342895
613342895
613342895
613342895
613342895
615573255
615573255
615573255
615573255
615573255
617809720
617809720
617809720
617809720
617809720
620052290
620052290
620052290
620052290
620052290
622300965
622300965
622300965
622300965
622300965
624555745
624555745
624555745
624555745
624555745
626816630
626816630
626816630
626816630
626816630
629083620
629083620
629083620
629083620
629083620
631356826
631356826
631356826
631356826
631356826
633636137
633636137
633636137
633636137
633636137
635921664
635921664
635921664
635921664
635921664
638213296
638213296
638213296
638213296
638213296
640511144
640511144
640511144
640511144
640511144
642815208
642815208
642815208
642815208
642815208
645125488
645125488
645125488
645125488
645125488
647441984
647441984
647441984
647441984
647441984
649764696
649764696
649764696
649764696
649764696
652093624
652093624
652093624
652093624
652093624
654428880
654428880
654428880
654428880
654428880
656770352
656770352
656770352
656770352
656770352
659118152
659118152
659118152
659118152
659118152
661472168
661472168
661472168
661472168
661472168
663832512
663832512
663832512
663832512
663832512
666199184
666199184
666199184
666199184
666199184
668572184
668572184
668572184
668572184
668572184
670951512
670951512
670951512
670951512
670951512
673337168
673337168
673337168
673337168
673337168
675729152
675729152
675729152
675729152
675729152
678127577
678127577
678127577
678127577
678127577
680532330
680532330
680532330
680532330
680532330
682943524
682943524
682943524
682943524
682943524
685361046
685361046
685361046
685361046
685361046
687785009
687785009
687785009
687785009
687785009
690215413
690215413
690215413
690215413
690215413
692652258
692652258
692652258
692652258
692652258
695095544
695095544
695095544
695095544
695095544
697545271
697545271
697545271
697545271
697545271
700001439
700001439
700001439
700001439
700001439
702464162
702464162
702464162
702464162
702464162
704933326
704933326
704933326
704933326
704933326
707409045
707409045
707409045
707409045
707409045
709891205
709891205
709891205
709891205
709891205
712379920
712379920
712379920
712379920
712379920
714875190
714875190
714875190
714875190
714875190
717377015
717377015
717377015
717377015
717377015
719885395
719885395
719885395
719885395
719885395
722400330
722400330
722400330
722400330
722400330
724921820
724921820
724921820
724921820
724921820
727449980
727449980
727449980
727449980
727449980
729984695
729984695
729984695
729984695
729984695
732526080
732526080
732526080
732526080
732526080
735074020
735074020
735074020
735074020
735074020
737628630
737628630
737628630
737628630
737628630
740189910
740189910
740189910
740189910
740189910
742757860
742757860
742757860
742757860
742757860
745332480
745332480
745332480
745332480
745332480
747913770
747913770
747913770
747913770
747913770
750501730
750501730
750501730
750501730
750501730
753096476
753096476
753096476
753096476
753096476
755697892
755697892
755697892
755697892
755697892
758306094
758306094
758306094
758306094
758306094
760920966
760920966
760920966
760920966
760920966
763542624
763542624
763542624
763542624
763542624
766171068
766171068
766171068
766171068
766171068
768806298
768806298
768806298
768806298
768806298
771448314
771448314
771448314
771448314
771448314
774097116
774097116
774097116
774097116
774097116
776752704
776752704
776752704
776752704
776752704
779415195
779415195
779415195
779415195
779415195
782084472
782084472
782084472
782084472
782084472
784760652
784760652
784760652
784760652
784760652
787443618
787443618
787443618
787443618
787443618
790133487
790133487
790133487
790133487
790133487
792830259
792830259
792830259
792830259
792830259
795533934
795533934
795533934
795533934
795533934
798244512
798244512
798244512
798244512
798244512
800961993
800961993
800961993
800961993
800961993
803686377
803686377
803686377
803686377
803686377
806417782
806417782
806417782
806417782
806417782
809156090
809156090
809156090
809156090
809156090
811901419
811901419
811901419
811901419
811901419
814653651
814653651
814653651
814653651
814653651
817412904
817412904
817412904
817412904
817412904
820179178
820179178
820179178
820179178
820179178
822952473
822952473
822952473
822952473
822952473
825732789
825732789
825732789
825732789
825732789
828520126
828520126
828520126
828520126
828520126
831314484
831314484
831314484
831314484
831314484
834115982
834115982
834115982
834115982
834115982
836924501
836924501
836924501
836924501
836924501
839740160
839740160
839740160
839740160
839740160
842562840
842562840
842562840
842562840
842562840
845392660
845392660
845392660
845392660
845392660
848229620
848229620
848229620
848229620
848229620
851073720
851073720
851073720
851073720
851073720
853924960
853924960
853924960
853924960
853924960
856783340
856783340
856783340
856783340
856783340
859648860
859648860
859648860
859648860
859648860
862521640
862521640
862521640
862521640
862521640
865401560
865401560
865401560
865401560
865401560
868288740
868288740
868288740
868288740
868288740
871183060
871183060
871183060
871183060
871183060
874084640
874084640
874084640
874084640
874084640
876993480
876993480
876993480
876993480
876993480
879909580
879909580
879909580
879909580
879909580
882832940
882832940
882832940
882832940
882832940
885763560
885763560
885763560
885763560
885763560
888701440
888701440
888701440
888701440
888701440
891646701
891646701
891646701
891646701
891646701
894599222
894599222
894599222
894599222
894599222
897559124
897559124
897559124
897559124
897559124
900526286
900526286
900526286
900526286
900526286
903500829
903500829
903500829
903500829
903500829
906482753
906482753
906482753
906482753
906482753
909472058
909472058
909472058
909472058
909472058
912468744
912468744
912468744
912468744
912468744
915472811
915472811
915472811
915472811
915472811
918484259
918484259
918484259
918484259
918484259
921503210
921503210
921503210
921503210
921503210
924529542
924529542
924529542
924529542
924529542
927563377
927563377
927563377
927563377
927563377
930604593
930604593
930604593
930604593
930604593
933653312
933653312
933653312
933653312
933653312
936709534
936709534
936709534
936709534
936709534
939773259
939773259
939773259
939773259
939773259
942844487
942844487
942844487
942844487
942844487
945923218
945923218
945923218
945923218
945923218
949009452
949009452
949009452
949009452
949009452
952103312
952103312
952103312
952103312
952103312
955204675
955204675
955204675
955204675
955204675
958313664
958313664
958313664
958313664
958313664
961430156
961430156
961430156
961430156
961430156
964554274
964554274
964554274
964554274
964554274
967686018
967686018
967686018
967686018
967686018
970825388
970825388
970825388
970825388
970825388
973972384
973972384
973972384
973972384
973972384
977127006
977127006
977127006
977127006
977127006
980289254
980289254
980289254
980289254
980289254
983459252
983459252
983459252
983459252
983459252
986636876
986636876
986636876
986636876
986636876
989822250
989822250
989822250
989822250
989822250
993015250
993015250
993015250
993015250
993015250
996216000
996216000
996216000
996216000
996216000
999424500
999424500
999424500
999424500
999424500
1002640750
1002640750
1002640750
1002640750
1002640750
1005864750
1005864750
1005864750
1005864750
1005864750
1009096500
1009096500
1009096500
1009096500
1009096500
1012336000
1012336000
1012336000
1012336000
1012336000
1015583375
1015583375
1015583375
1015583375
1015583375
1018838500
1018838500
1018838500
1018838500
1018838500
1022101500
1022101500
1022101500
1022101500
1022101500
1025372250
1025372250
1025372250
1025372250
1025372250
1028650875
1028650875
1028650875
1028650875
1028650875
1031937375
1031937375
1031937375
1031937375
1031937375
1035231750
1035231750
1035231750
1035231750
1035231750
1038534000
1038534000
1038534000
1038534000
1038534000
1041844125
1041844125
1041844125
1041844125
1041844125
1045162125
1045162125
1045162125
1045162125
1045162125
1048488126
1048488126
1048488126
1048488126
1048488126
1051822002
1051822002
1051822002
1051822002
1051822002
1055163879
1055163879
1055163879
1055163879
1055163879
1058513631
1058513631
1058513631
1058513631
1058513631
1061871384
1061871384
1061871384
1061871384
1061871384
1065237138
1065237138
1065237138
1065237138
1065237138
1068610893
1068610893
1068610893
1068610893
1068610893
1071992649
1071992649
1071992649
1071992649
1071992649
1075382406
1075382406
1075382406
1075382406
1075382406
1078780164
1078780164
1078780164
1078780164
1078780164
1082186050
1082186050
1082186050
1082186050
1082186050
1085599937
1085599937
1085599937
1085599937
1085599937
1089021952
1089021952
1089021952
1089021952
1089021952
1092451968
1092451968
1092451968
1092451968
1092451968
1095890112
1095890112
1095890112
1095890112
1095890112
1099336384
1099336384
1099336384
1099336384
1099336384
1102790784
1102790784
1102790784
1102790784
1102790784
1106253312
1106253312
1106253312
1106253312
1106253312
1109723968
1109723968
1109723968
1109723968
1109723968
1113202752
1113202752
1113202752
1113202752
1113202752
1116689792
1116689792
1116689792
1116689792
1116689792
1120184960
1120184960
1120184960
1120184960
1120184960
1123688384
1123688384
1123688384
1123688384
1123688384
1127199936
1127199936
1127199936
1127199936
1127199936
1130719744
1130719744
1130719744
1130719744
1130719744
1134247808
1134247808
1134247808
1134247808
1134247808
1137784128
1137784128
1137784128
1137784128
1137784128
1141328704
1141328704
1141328704
1141328704
1141328704
1144881536
1144881536
1144881536
1144881536
1144881536
1148442624
1148442624
1148442624
1148442624
1148442624
1152012097
1152012097
1152012097
1152012097
1152012097
1155589826
1155589826
1155589826
1155589826
1155589826
1159175940
1159175940
1159175940
1159175940
1159175940
1162770310
1162770310
1162770310
1162770310
1162770310
1166373065
1166373065
1166373065
1166373065
1166373065
1169984205
1169984205
1169984205
1169984205
1169984205
1173603730
1173603730
1173603730
1173603730
1173603730
1177231640
1177231640
1177231640
1177231640
1177231640
1180867935
1180867935
1180867935
1180867935
1180867935
1184512615
1184512615
1184512615
1184512615
1184512615
1188165810
1188165810
1188165810
1188165810
1188165810
1191827390
1191827390
1191827390
1191827390
1191827390
1195497485
1195497485
1195497485
1195497485
1195497485
1199175965
1199175965
1199175965
1199175965
1199175965
1202862960
1202862960
1202862960
1202862960
1202862960
1206558470
1206558470
1206558470
1206558470
1206558470
1210262495
1210262495
1210262495
1210262495
1210262495
1213975035
1213975035
1213975035
1213975035
1213975035
1217696090
1217696090
1217696090
1217696090
1217696090
1221425660
1221425660
1221425660
1221425660
1221425660
1225163876
1225163876
1225163876
1225163876
1225163876
1228910607
1228910607
1228910607
1228910607
1228910607
1232665984
1232665984
1232665984
1232665984
1232665984
1236429876
1236429876
1236429876
1236429876
1236429876
1240202414
1240202414
1240202414
1240202414
1240202414
1243983598
1243983598
1243983598
1243983598
1243983598
1247773428
1247773428
1247773428
1247773428
1247773428
1251571904
1251571904
1251571904
1251571904
1251571904
1255379026
1255379026
1255379026
1255379026
1255379026
1259194794
1259194794
1259194794
1259194794
1259194794
1263019340
1263019340
1263019340
1263019340
1263019340
1266852532
1266852532
1266852532
1266852532
1266852532
1270694502
1270694502
1270694502
1270694502
1270694502
1274545118
1274545118
1274545118
1274545118
1274545118
1278404512
1278404512
1278404512
1278404512
1278404512
1282272684
1282272684
1282272684
1282272684
1282272684
1286149634
1286149634
1286149634
1286149634
1286149634
1290035362
1290035362
1290035362
1290035362
1290035362
1293929868
1293929868
1293929868
1293929868
1293929868
1297833152
1297833152
1297833152
1297833152
1297833152
1301745347
1301745347
1301745347
1301745347
1301745347
1305666320
1305666320
1305666320
1305666320
1305666320
1309596204
1309596204
1309596204
1309596204
1309596204
1313534866
1313534866
1313534866
1313534866
1313534866
1317482439
1317482439
1317482439
1317482439
1317482439
1321438923
1321438923
1321438923
1321438923
1321438923
1325404318
1325404318
1325404318
1325404318
1325404318
1329378624
1329378624
1329378624
1329378624
1329378624
1333361841
1333361841
1333361841
1333361841
1333361841
1337353969
1337353969
1337353969
1337353969
1337353969
1341355142
1341355142
1341355142
1341355142
1341355142
1345365226
1345365226
1345365226
1345365226
1345365226
1349384355
1349384355
1349384355
1349384355
1349384355
1353412395
1353412395
1353412395
1353412395
1353412395
1357449480
1357449480
1357449480
1357449480
1357449480
1361495610
1361495610
1361495610
1361495610
1361495610
1365550785
1365550785
1365550785
1365550785
1365550785
1369615005
1369615005
1369615005
1369615005
1369615005
1373688270
1373688270
1373688270
1373688270
1373688270
1377770580
1377770580
1377770580
1377770580
1377770580
1381862070
1381862070
1381862070
1381862070
1381862070
1385962605
1385962605
1385962605
1385962605
1385962605
1390072320
1390072320
1390072320
1390072320
1390072320
1394191080
1394191080
1394191080
1394191080
1394191080
1398319020
1398319020
1398319020
1398319020
1398319020
1402456140
1402456140
1402456140
1402456140
1402456140
1406602440
1406602440
1406602440
1406602440
1406602440
1410757920
1410757920
1410757920
1410757920
1410757920
1414922580
1414922580
1414922580
1414922580
1414922580
1419096420
1419096420
1419096420
1419096420
1419096420
1423279576
1423279576
1423279576
1423279576
1423279576
1427471912
1427471912
1427471912
1427471912
1427471912
1431673564
1431673564
1431673564
1431673564
1431673564
1435884396
1435884396
1435884396
1435884396
1435884396
1440104544
1440104544
1440104544
1440104544
1440104544
1444334008
1444334008
1444334008
1444334008
1444334008
1448572788
1448572788
1448572788
1448572788
1448572788
1452820884
1452820884
1452820884
1452820884
1452820884
1457078296
1457078296
1457078296
1457078296
1457078296
1461345024
1461345024
1461345024
1461345024
1461345024
1465621205
1465621205
1465621205
1465621205
1465621205
1469906702
1469906702
1469906702
1469906702
1469906702
1474201652
1474201652
1474201652
1474201652
1474201652
1478505918
1478505918
1478505918
1478505918
1478505918
1482819637
1482819637
1482819637
1482819637
1482819637
1487142809
1487142809
1487142809
1487142809
1487142809
1491475434
1491475434
1491475434
1491475434
1491475434
1495817512
1495817512
1495817512
1495817512
1495817512
1500169043
1500169043
1500169043
1500169043
1500169043
1504530027
1504530027
1504530027
1504530027
1504530027
1508900602
1508900602
1508900602
1508900602
1508900602
1513280630
1513280630
1513280630
1513280630
1513280630
1517670249
1517670249
1517670249
1517670249
1517670249
1522069321
1522069321
1522069321
1522069321
1522069321
1526477984
1526477984
1526477984
1526477984
1526477984
1530896238
1530896238
1530896238
1530896238
1530896238
1535324083
1535324083
1535324083
1535324083
1535324083
1539761519
1539761519
1539761519
1539761519
1539761519
1544208546
1544208546
1544208546
1544208546
1544208546
1548665164
1548665164
1548665164
1548665164
1548665164
1553131512
1553131512
1553131512
1553131512
1553131512
1557607451
1557607451
1557607451
1557607451
1557607451
1562093120
1562093120
1562093120
1562093120
1562093120
1566588380
1566588380
1566588380
1566588380
1566588380
1571093370
1571093370
1571093370
1571093370
1571093370
1575608090
1575608090
1575608090
1575608090
1575608090
1580132540
1580132540
1580132540
1580132540
1580132540
1584666720
1584666720
1584666720
1584666720
1584666720
1589210630
1589210630
1589210630
1589210630
1589210630
1593764270
1593764270
1593764270
1593764270
1593764270
1598327780
1598327780
1598327780
1598327780
1598327780
1602901020
1602901020
1602901020
1602901020
1602901020
1607484130
1607484130
1607484130
1607484130
1607484130
1612076970
1612076970
1612076970
1612076970
1612076970
1616679680
1616679680
1616679680
1616679680
1616679680
1621292260
1621292260
1621292260
1621292260
1621292260
1625914710
1625914710
1625914710
1625914710
1625914710
1630547030
1630547030
1630547030
1630547030
1630547030
1635189220
1635189220
1635189220
1635189220
1635189220
1639841280
1639841280
1639841280
1639841280
1639841280
1644503351
1644503351
1644503351
1644503351
1644503351
1649175292
1649175292
1649175292
1649175292
1649175292
1653857244
1653857244
1653857244
1653857244
1653857244
1658549066
1658549066
1658549066
1658549066
1658549066
1663250899
1663250899
1663250899
1663250899
1663250899
1667962743
1667962743
1667962743
1667962743
1667962743
1672684598
1672684598
1672684598
1672684598
1672684598
1677416464
1677416464
1677416464
1677416464
1677416464
1682158341
1682158341
1682158341
1682158341
1682158341
1686910229
1686910229
1686910229
1686910229
1686910229
1691672270
1691672270
1691672270
1691672270
1691672270
1696444322
1696444322
1696444322
1696444322
1696444322
1701226527
1701226527
1701226527
1701226527
1701226527
1706018743
1706018743
1706018743
1706018743
1706018743
1710821112
1710821112
1710821112
1710821112
1710821112
1715633634
1715633634
1715633634
1715633634
1715633634
1720456309
1720456309
1720456309
1720456309
1720456309
1725289137
1725289137
1725289137
1725289137
1725289137
1730132118
1730132118
1730132118
1730132118
1730132118
1734985252
1734985252
1734985252
1734985252
1734985252
1739848682
1739848682
1739848682
1739848682
1739848682
1744722265
1744722265
1744722265
1744722265
1744722265
1749606144
1749606144
1749606144
1749606144
1749606144
1754500176
1754500176
1754500176
1754500176
1754500176
1759404504
1759404504
1759404504
1759404504
1759404504
1764319128
1764319128
1764319128
1764319128
1764319128
1769244048
1769244048
1769244048
1769244048
1769244048
1774179264
1774179264
1774179264
1774179264
1774179264
1779124776
1779124776
1779124776
1779124776
1779124776
1784080584
1784080584
1784080584
1784080584
1784080584
1789046832
1789046832
1789046832
1789046832
1789046832
1794023376
1794023376
1794023376
1794023376
1794023376
1799010360
1799010360
1799010360
1799010360
1799010360
1804007640
1804007640
1804007640
1804007640
1804007640
1809015360
1809015360
1809015360
1809015360
1809015360
1814033520
1814033520
1814033520
1814033520
1814033520
1819062120
1819062120
1819062120
1819062120
1819062120
1824101160
1824101160
1824101160
1824101160
1824101160
1829150640
1829150640
1829150640
1829150640
1829150640
1834210560
1834210560
1834210560
1834210560
1834210560
1839281065
1839281065
1839281065
1839281065
1839281065
1844362010
1844362010
1844362010
1844362010
1844362010
1849453540
1849453540
1849453540
1849453540
1849453540
1854555510
1854555510
1854555510
1854555510
1854555510
1859668065
1859668065
1859668065
1859668065
1859668065
1864791205
1864791205
1864791205
1864791205
1864791205
1869924930
1869924930
1869924930
1869924930
1869924930
1875069240
1875069240
1875069240
1875069240
1875069240
1880224135
1880224135
1880224135
1880224135
1880224135
1885389615
1885389615
1885389615
1885389615
1885389615
1890565826
1890565826
1890565826
1890565826
1890565826
1895752622
1895752622
1895752622
1895752622
1895752622
1900950149
1900950149
1900950149
1900950149
1900950149
1906158261
1906158261
1906158261
1906158261
1906158261
1911377104
1911377104
1911377104
1911377104
1911377104
1916606678
1916606678
1916606678
1916606678
1916606678
1921846983
1921846983
1921846983
1921846983
1921846983
1927098019
1927098019
1927098019
1927098019
1927098019
1932359786
1932359786
1932359786
1932359786
1932359786
1937632284
1937632284
1937632284
1937632284
1937632284
1942915660
1942915660
1942915660
1942915660
1942915660
1948209767
1948209767
1948209767
1948209767
1948209767
1953514752
1953514752
1953514752
1953514752
1953514752
1958830468
1958830468
1958830468
1958830468
1958830468
1964157062
1964157062
1964157062
1964157062
1964157062
1969494534
1969494534
1969494534
1969494534
1969494534
1974842884
1974842884
1974842884
1974842884
1974842884
1980202112
1980202112
1980202112
1980202112
1980202112
1985572218
1985572218
1985572218
1985572218
1985572218
1990953202
1990953202
1990953202
1990953202
1990953202
1996345212
1996345212
1996345212
1996345212
1996345212
2001748100
2001748100
2001748100
2001748100
2001748100
2007162014
2007162014
2007162014
2007162014
2007162014
2012586806
2012586806
2012586806
2012586806
2012586806
2018022624
2018022624
2018022624
2018022624
2018022624
2023469468
2023469468
2023469468
2023469468
2023469468
2028927338
2028927338
2028927338
2028927338
2028927338
2034396234
2034396234
2034396234
2034396234
2034396234
2039876156
2039876156
2039876156
2039876156
2039876156
2045367104
2045367104
2045367104
2045367104
2045367104
2050869227
2050869227
2050869227
2050869227
2050869227
2056382376
2056382376
2056382376
2056382376
2056382376
2061906700
2061906700
2061906700
2061906700
2061906700
2067442050
2067442050
2067442050
2067442050
2067442050
2072988575
2072988575
2072988575
2072988575
2072988575
2078546275
2078546275
2078546275
2078546275
2078546275
2084115150
2084115150
2084115150
2084115150
2084115150
2089695200
2089695200
2089695200
2089695200
2089695200
2095286425
2095286425
2095286425
2095286425
2095286425
2100888825
2100888825
2100888825
2100888825
2100888825
2106502550
2106502550
2106502550
2106502550
2106502550
2112127450
2112127450
2112127450
2112127450
2112127450
2117763675
2117763675
2117763675
2117763675
2117763675
2123411075
2123411075
2123411075
2123411075
2123411075
2129069800
2129069800
2129069800
2129069800
2129069800
2134739850
2134739850
2134739850
2134739850
2134739850
2140421225
2140421225
2140421225
2140421225
2140421225
2146113925
2146113925
2146113925
2146113925
2146113925
