7359
1133
24499
18303
2309
12053
14615
5255
8365
7707
39499
8847
77719
53911
34313
73655
2120
9717
31535
1376
46799
20304
10751
39149
5887
1679
16723
15039
23246
2603
8159
8620
9637
18689
17111
26249
2631
5451
7391
7525
33319
6449
2719
41267
759
269
5845
6261
18536
17039
60255
4319
9499
6740
19979
9539
7160
17051
12639
4749
12200
20731
5639
2221
35897
26377
2129
22541
35711
4274
538
18449
28511
18575
14387
11799
11764
9740
43451
21431
22764
17429
16067
5335
41039
13327
58169
15
1167
1475
37119
3497
2015
41447
11279
4619
13567
26729
29081
759
