0 0 0 
0 0 0 
0 0 0 

--------------
i: 0
j: 2
not equal
ne i: a
ne j: c
i: 1
j: 1
equal
equal i: b
equal j: b
i: 2
j: 0
i>j
0 0 0 
0 0 0 
0 0 0 

==========
0 0 0 
0 0 0 
0 0 0 

==========
i: 1
j: 2
not equal
ne i: b
ne j: c
i: 2
j: 1
i>j
0 0 0 
0 0 0 
0 0 0 

==========
i: 2
j: 2
equal
equal i: c
equal j: c
i: 3
j: 1
i>j
0 0 0 
0 0 0 
0 0 0 

==========
0 0 0 
0 0 0 
0 0 0 

==========
i: 1
j: 1
equal
equal i: b
equal j: b
i: 2
j: 0
i>j
0 0 0 
0 0 0 
0 0 0 

==========
0 0 0 
0 0 0 
0 0 0 

==========
ne
0 0 0 
0 0 1 
0 0 0 

==========
i: 0
j: 1
not equal
ne i: a
ne j: b
i: 1
j: 0
i>j
0 0 0 
0 0 1 
0 0 0 

==========
i: 1
j: 1
equal
equal i: b
equal j: b
i: 2
j: 0
i>j
0 0 0 
0 0 1 
0 0 0 

==========
0 0 0 
0 0 1 
0 0 0 

==========
i: 0
j: 0
equal
equal i: a
equal j: a
i: 1
j: -1
i>j
0 0 0 
0 0 1 
0 0 0 

==========
0 0 0 
0 0 1 
0 0 0 

==========
ne
0 1 0 
0 0 1 
0 0 0 

==========
ne
0 1 1 
0 0 1 
0 0 0 

==========
Case 1: 1
